#
# A fatal error has been detected by the Java Runtime Environment:
#
#  EXCEPTION_ACCESS_VIOLATION (0xc0000005) at pc=0x00007ffe3dd5e0a9, pid=11660, tid=4164
#
# JRE version: OpenJDK Runtime Environment Microsoft-8035246 (17.0.8+7) (build 17.0.8+7-LTS)
# Java VM: OpenJDK 64-Bit Server VM Microsoft-8035246 (17.0.8+7-LTS, mixed mode, sharing, tiered, compressed oops, compressed class ptrs, g1 gc, windows-amd64)
# Problematic frame:
# V  [jvm.dll+0x2be0a9]
#
# No core dump will be written. Minidumps are not enabled by default on client versions of Windows
#
# If you would like to submit a bug report, please visit:
#   https://github.com/microsoft/openjdk/issues
#

---------------  S U M M A R Y ------------

Command Line: -XX:MaxMetaspaceSize=512m --add-opens=java.base/java.util=ALL-UNNAMED --add-opens=java.base/java.lang=ALL-UNNAMED --add-opens=java.base/java.lang.invoke=ALL-UNNAMED --add-opens=java.prefs/java.util.prefs=ALL-UNNAMED --add-opens=java.base/java.nio.charset=ALL-UNNAMED --add-opens=java.base/java.net=ALL-UNNAMED --add-opens=java.base/java.util.concurrent.atomic=ALL-UNNAMED -Xmx2048m -Dfile.encoding=windows-1252 -Duser.country=US -Duser.language=en -Duser.variant -javaagent:C:\Users\admin\.gradle\wrapper\dists\gradle-8.3-all\6en3ugtfdg5xnpx44z4qbwgas\gradle-8.3\lib\agents\gradle-instrumentation-agent-8.3.jar org.gradle.launcher.daemon.bootstrap.GradleDaemon 8.3

Host: Intel(R) Core(TM) i3-10110U CPU @ 2.10GHz, 4 cores, 7G,  Windows 11 , 64 bit Build 22621 (10.0.22621.3235)
Time: Tue Mar  5 10:46:21 2024 India Standard Time elapsed time: 104.555295 seconds (0d 0h 1m 44s)

---------------  T H R E A D  ---------------

Current thread (0x000001774bce1c40):  JavaThread "C2 CompilerThread0" daemon [_thread_in_native, id=4164, stack(0x0000003110000000,0x0000003110100000)]


Current CompileTask:
C2: 104555 14320   !   4       org.gradle.cache.internal.DefaultMultiProcessSafeIndexedCache::getIfPresent (25 bytes)

Stack: [0x0000003110000000,0x0000003110100000],  sp=0x00000031100fb890,  free space=1006k
Native frames: (J=compiled Java code, j=interpreted, Vv=VM code, C=native code)
V  [jvm.dll+0x2be0a9]
V  [jvm.dll+0x21ba8b]
V  [jvm.dll+0x21944b]
V  [jvm.dll+0x1a56b6]
V  [jvm.dll+0x2291ea]
V  [jvm.dll+0x22724c]
V  [jvm.dll+0x7efd0c]
V  [jvm.dll+0x7ea13a]
V  [jvm.dll+0x67ad85]
C  [ucrtbase.dll+0x29363]
C  [KERNEL32.DLL+0x1257d]
C  [ntdll.dll+0x5aa58]


siginfo: EXCEPTION_ACCESS_VIOLATION (0xc0000005), reading address 0x0000000000000028


Register to memory mapping:

RIP=0x00007ffe3dd5e0a9 jvm.dll
RAX=0x0000017771df6ad0 points into unknown readable memory: 0x0000000000000000 | 00 00 00 00 00 00 00 00
RBX=0x0000000000001713 is an unknown value
RCX=0x0 is NULL
RDX=0x0 is NULL
RSP=0x00000031100fb890 is pointing into the stack for thread: 0x000001774bce1c40
RBP=0x00000031100fb900 is pointing into the stack for thread: 0x000001774bce1c40
RSI=0x0 is NULL
RDI=0x0000000000000047 is an unknown value
R8 =0x000000000000ffe0 is an unknown value
R9 =0x0 is NULL
R10=0x00007ffec79b0000 VCRUNTIME140.dll
R11=0x0000017771df6af0 points into unknown readable memory: 0x0000000000000000 | 00 00 00 00 00 00 00 00
R12=0x0000000000000050 is an unknown value
R13=0x0 is NULL
R14=0x0 is NULL
R15=0x00000031100feab0 is pointing into the stack for thread: 0x000001774bce1c40


Registers:
RAX=0x0000017771df6ad0, RBX=0x0000000000001713, RCX=0x0000000000000000, RDX=0x0000000000000000
RSP=0x00000031100fb890, RBP=0x00000031100fb900, RSI=0x0000000000000000, RDI=0x0000000000000047
R8 =0x000000000000ffe0, R9 =0x0000000000000000, R10=0x00007ffec79b0000, R11=0x0000017771df6af0
R12=0x0000000000000050, R13=0x0000000000000000, R14=0x0000000000000000, R15=0x00000031100feab0
RIP=0x00007ffe3dd5e0a9, EFLAGS=0x0000000000010202

Top of Stack: (sp=0x00000031100fb890)
0x00000031100fb890:   0000000000001713 0000000000000000
0x00000031100fb8a0:   00000031100feab0 00007ffe3dcc38d1
0x00000031100fb8b0:   000001774bcded30 00007ffe00002000
0x00000031100fb8c0:   0000017771df6ad0 0000017700000000
0x00000031100fb8d0:   0000000000000002 0000017770254c40
0x00000031100fb8e0:   0000000000000002 000001774bcded30
0x00000031100fb8f0:   0000000000000000 0000000000000000
0x00000031100fb900:   000001774bb8d740 000001772c1f8f30
0x00000031100fb910:   0000000000000047 00007ffe3e3e4c08
0x00000031100fb920:   00000031100fba30 00007ffe3dcbba8b
0x00000031100fb930:   00000031100feab0 00007ffe3e3e4c08
0x00000031100fb940:   00000031100feab0 00000031100fba30
0x00000031100fb950:   0000017700000000 00007ffe3e0bb7fb
0x00000031100fb960:   000000310000000f 00000031100feab0
0x00000031100fb970:   00000031100fbae0 0000000000000000
0x00000031100fb980:   0000017700000100 00007ffe3e3e4c08 

Instructions: (pc=0x00007ffe3dd5e0a9)
0x00007ffe3dd5dfa9:   3b d0 75 0b ff c1 41 3b c9 7c dc 48 8b c2 c3 33
0x00007ffe3dd5dfb9:   c0 c3 cc cc cc cc cc 48 89 5c 24 18 55 56 57 41
0x00007ffe3dd5dfc9:   55 41 57 48 8b ec 48 83 ec 70 65 48 8b 04 25 58
0x00007ffe3dd5dfd9:   00 00 00 48 8b f2 44 8b 05 d2 8b 90 00 4c 8b f9
0x00007ffe3dd5dfe9:   4a 8b 1c c0 b8 50 00 00 00 80 3c 18 00 75 05 e8
0x00007ffe3dd5dff9:   8b 6f 5d 00 b8 20 00 00 00 48 8b 04 18 48 8b 98
0x00007ffe3dd5e009:   38 02 00 00 48 89 5d b0 c7 45 b8 04 00 00 00 48
0x00007ffe3dd5e019:   8b 43 18 48 83 f8 df 76 18 4c 8d 05 37 a9 65 00
0x00007ffe3dd5e029:   ba 20 00 00 00 48 8b cb e8 5a eb de ff 48 8b 43
0x00007ffe3dd5e039:   18 48 8d 48 20 48 3b 4b 20 76 11 45 33 c0 48 8b
0x00007ffe3dd5e049:   cb 41 8d 50 20 e8 fd e8 de ff eb 04 48 89 4b 18
0x00007ffe3dd5e059:   44 8b 45 b8 33 d2 49 c1 e0 03 48 8b c8 48 89 45
0x00007ffe3dd5e069:   c0 e8 e3 80 5d 00 45 33 ed 48 8d 4d d0 44 89 6d
0x00007ffe3dd5e079:   c8 e8 01 59 56 00 41 8b 9f 40 02 00 00 41 2b 9f
0x00007ffe3dd5e089:   68 02 00 00 44 89 6d f0 3b 5d b8 72 0b 8b d3 48
0x00007ffe3dd5e099:   8d 4d b0 e8 6f b3 39 00 48 8b 45 c0 4c 89 2c d8
0x00007ffe3dd5e0a9:   8b 7e 28 8b df c1 eb 05 3b 5d d0 72 0b 8b d3 48
0x00007ffe3dd5e0b9:   8d 4d d0 e8 1f 59 56 00 48 8b 45 d8 83 e7 1f 48
0x00007ffe3dd5e0c9:   8d 14 98 40 0f b6 cf 41 b8 01 00 00 00 41 d3 e0
0x00007ffe3dd5e0d9:   8b 0a 8b c1 41 0b c0 89 02 41 85 c8 75 21 8b 5d
0x00007ffe3dd5e0e9:   c8 8d 43 01 89 45 c8 3b 5d b8 72 0b 8b d3 48 8d
0x00007ffe3dd5e0f9:   4d b0 e8 10 b3 39 00 48 8b 45 c0 48 89 34 d8 44
0x00007ffe3dd5e109:   39 6d c8 0f 86 77 01 00 00 4c 89 a4 24 a0 00 00
0x00007ffe3dd5e119:   00 4c 89 b4 24 a8 00 00 00 48 8b 45 c0 41 8b cd
0x00007ffe3dd5e129:   48 8b 34 c8 8b 46 2c 25 ff 1f 00 00 3d 04 10 00
0x00007ffe3dd5e139:   00 0f 85 a7 00 00 00 bb 01 00 00 00 39 5e 18 76
0x00007ffe3dd5e149:   39 66 0f 1f 44 00 00 48 8b 46 08 8b cb 48 8b 14
0x00007ffe3dd5e159:   c8 48 85 d2 74 1d 48 83 7a 10 00 74 16 80 7a 2c
0x00007ffe3dd5e169:   84 74 10 e8 7f 7e ee ff 48 8b d0 49 8b cf e8 a4
0x00007ffe3dd5e179:   61 f6 ff ff c3 3b 5e 18 72 cd 48 8b 5e 10 8b 46
0x00007ffe3dd5e189:   20 4c 8d 34 c3 49 3b de 73 54 48 8b 3b 8b 47 2c
0x00007ffe3dd5e199:   83 e0 03 3c 03 75 2e 48 8b 07 48 8b cf ff 90 88 


Stack slot to memory mapping:
stack at sp + 0 slots: 0x0000000000001713 is an unknown value
stack at sp + 1 slots: 0x0 is NULL
stack at sp + 2 slots: 0x00000031100feab0 is pointing into the stack for thread: 0x000001774bce1c40
stack at sp + 3 slots: 0x00007ffe3dcc38d1 jvm.dll
stack at sp + 4 slots: 0x000001774bcded30 points into unknown readable memory: 0x0000000000000006 | 06 00 00 00 00 00 00 00
stack at sp + 5 slots: 0x00007ffe00002000 is an unknown value
stack at sp + 6 slots: 0x0000017771df6ad0 points into unknown readable memory: 0x0000000000000000 | 00 00 00 00 00 00 00 00
stack at sp + 7 slots: 0x0000017700000000 is an unknown value


---------------  P R O C E S S  ---------------

Threads class SMR info:
_java_thread_list=0x0000017771995e80, length=91, elements={
0x000001772c1e1d60, 0x000001774bcc3450, 0x000001774bcc42d0, 0x000001774bcd9f20,
0x000001774bcdba00, 0x000001774bce04e0, 0x000001774bce0ea0, 0x000001774bce1c40,
0x000001774bd3e760, 0x000001776b014610, 0x000001776b036fb0, 0x000001776b1661e0,
0x000001776c033580, 0x000001776d4a1e30, 0x000001776cb9a270, 0x000001776c034360,
0x000001776c034c10, 0x000001776ced2820, 0x000001776ced2310, 0x000001776cecf070,
0x000001776cecffa0, 0x000001776ced13e0, 0x000001776ced04b0, 0x000001776cecf580,
0x000001776ced09c0, 0x000001776ced0ed0, 0x000001776ced18f0, 0x000001776ced1e00,
0x000001776da8cb10, 0x000001776da91c10, 0x000001776da902c0, 0x000001776da8d530,
0x000001776da8da40, 0x000001776da8ee80, 0x000001776da91700, 0x000001776da8e460,
0x000001776da8e970, 0x000001776da92120, 0x000001776da911f0, 0x000001776da92b40,
0x000001776da8fdb0, 0x000001776da93050, 0x000001776da8d020, 0x000001776da93560,
0x000001776da8c600, 0x000001776da93f80, 0x000001776cc80df0, 0x000001776cc81300,
0x000001776cc82740, 0x000001776cc81810, 0x000001776cc83670, 0x000001776cc7f9b0,
0x000001776cc83160, 0x000001776cc845a0, 0x000001776cc83b80, 0x000001776cc854d0,
0x000001776cc86910, 0x000001776cc84fc0, 0x000001776cc859e0, 0x000001776cc7fec0,
0x000001776cc85ef0, 0x000001776cc803d0, 0x000001776cc81d20, 0x000001776cecfa90,
0x000001776cc7f4a0, 0x000001776fa32b60, 0x000001776fa33fa0, 0x000001776fa31210,
0x000001776fa33a90, 0x000001776fa31c30, 0x000001776fa32140, 0x000001776fa33580,
0x0000017771be3dd0, 0x0000017771be1040, 0x0000017771be42e0, 0x0000017771be1f70,
0x0000017771be2480, 0x0000017771be0110, 0x0000017771be2ea0, 0x0000017771be2990,
0x0000017771be5720, 0x0000017771be1550, 0x0000017771be47f0, 0x0000017771be4d00,
0x0000017771be6650, 0x0000017771be5210, 0x0000017771be5c30, 0x0000017771be7a90,
0x0000017771be38c0, 0x0000017771be7070, 0x0000017771be0620
}

Java Threads: ( => current thread )
  0x000001772c1e1d60 JavaThread "main" [_thread_blocked, id=6468, stack(0x000000310f300000,0x000000310f400000)]
  0x000001774bcc3450 JavaThread "Reference Handler" daemon [_thread_blocked, id=15936, stack(0x000000310fa00000,0x000000310fb00000)]
  0x000001774bcc42d0 JavaThread "Finalizer" daemon [_thread_blocked, id=12308, stack(0x000000310fb00000,0x000000310fc00000)]
  0x000001774bcd9f20 JavaThread "Signal Dispatcher" daemon [_thread_blocked, id=7852, stack(0x000000310fc00000,0x000000310fd00000)]
  0x000001774bcdba00 JavaThread "Attach Listener" daemon [_thread_blocked, id=2252, stack(0x000000310fd00000,0x000000310fe00000)]
  0x000001774bce04e0 JavaThread "Service Thread" daemon [_thread_blocked, id=8180, stack(0x000000310fe00000,0x000000310ff00000)]
  0x000001774bce0ea0 JavaThread "Monitor Deflation Thread" daemon [_thread_blocked, id=15164, stack(0x000000310ff00000,0x0000003110000000)]
=>0x000001774bce1c40 JavaThread "C2 CompilerThread0" daemon [_thread_in_native, id=4164, stack(0x0000003110000000,0x0000003110100000)]
  0x000001774bd3e760 JavaThread "C1 CompilerThread0" daemon [_thread_blocked, id=4084, stack(0x0000003110100000,0x0000003110200000)]
  0x000001776b014610 JavaThread "Sweeper thread" daemon [_thread_blocked, id=3008, stack(0x0000003110200000,0x0000003110300000)]
  0x000001776b036fb0 JavaThread "Common-Cleaner" daemon [_thread_blocked, id=2580, stack(0x0000003110300000,0x0000003110400000)]
  0x000001776b1661e0 JavaThread "Notification Thread" daemon [_thread_blocked, id=10452, stack(0x0000003110400000,0x0000003110500000)]
  0x000001776c033580 JavaThread "Daemon health stats" [_thread_blocked, id=16004, stack(0x0000003110900000,0x0000003110a00000)]
  0x000001776d4a1e30 JavaThread "Incoming local TCP Connector on port 62535" [_thread_in_native, id=88, stack(0x0000003110a00000,0x0000003110b00000)]
  0x000001776cb9a270 JavaThread "Daemon periodic checks" [_thread_blocked, id=16968, stack(0x0000003110b00000,0x0000003110c00000)]
  0x000001776c034360 JavaThread "Daemon" [_thread_blocked, id=5828, stack(0x0000003110c00000,0x0000003110d00000)]
  0x000001776c034c10 JavaThread "Handler for socket connection from /127.0.0.1:62535 to /127.0.0.1:62536" [_thread_in_native, id=13756, stack(0x0000003110d00000,0x0000003110e00000)]
  0x000001776ced2820 JavaThread "Cancel handler" [_thread_blocked, id=12456, stack(0x0000003110e00000,0x0000003110f00000)]
  0x000001776ced2310 JavaThread "Daemon worker" [_thread_blocked, id=9432, stack(0x0000003110f00000,0x0000003111000000)]
  0x000001776cecf070 JavaThread "Asynchronous log dispatcher for DefaultDaemonConnection: socket connection from /127.0.0.1:62535 to /127.0.0.1:62536" [_thread_blocked, id=1332, stack(0x0000003111000000,0x0000003111100000)]
  0x000001776cecffa0 JavaThread "Stdin handler" [_thread_blocked, id=12560, stack(0x0000003111100000,0x0000003111200000)]
  0x000001776ced13e0 JavaThread "Daemon client event forwarder" [_thread_blocked, id=16360, stack(0x0000003111200000,0x0000003111300000)]
  0x000001776ced04b0 JavaThread "Cache worker for journal cache (C:\Users\admin\.gradle\caches\journal-1)" [_thread_blocked, id=5812, stack(0x0000003111400000,0x0000003111500000)]
  0x000001776cecf580 JavaThread "File lock request listener" [_thread_in_native, id=2972, stack(0x0000003111500000,0x0000003111600000)]
  0x000001776ced09c0 JavaThread "Cache worker for file hash cache (C:\Users\admin\.gradle\caches\8.3\fileHashes)" [_thread_blocked, id=13684, stack(0x0000003111300000,0x0000003111400000)]
  0x000001776ced0ed0 JavaThread "File watcher server" daemon [_thread_in_native, id=14956, stack(0x0000003111600000,0x0000003111700000)]
  0x000001776ced18f0 JavaThread "File watcher consumer" daemon [_thread_blocked, id=11352, stack(0x0000003111700000,0x0000003111800000)]
  0x000001776ced1e00 JavaThread "Cache worker for checksums cache (G:\MyReactNative\EducationApp\android\.gradle\8.3\checksums)" [_thread_blocked, id=17016, stack(0x0000003111800000,0x0000003111900000)]
  0x000001776da8cb10 JavaThread "Cache worker for file hash cache (G:\MyReactNative\EducationApp\android\.gradle\8.3\fileHashes)" [_thread_blocked, id=5244, stack(0x0000003111900000,0x0000003111a00000)]
  0x000001776da91c10 JavaThread "Cache worker for cache directory md-supplier (C:\Users\admin\.gradle\caches\8.3\md-supplier)" [_thread_blocked, id=14428, stack(0x0000003111a00000,0x0000003111b00000)]
  0x000001776da902c0 JavaThread "Cache worker for file content cache (C:\Users\admin\.gradle\caches\8.3\fileContent)" [_thread_blocked, id=11544, stack(0x0000003111b00000,0x0000003111c00000)]
  0x000001776da8d530 JavaThread "Cache worker for cache directory md-rule (C:\Users\admin\.gradle\caches\8.3\md-rule)" [_thread_blocked, id=14236, stack(0x0000003111d00000,0x0000003111e00000)]
  0x000001776da8da40 JavaThread "Cache worker for execution history cache (C:\Users\admin\.gradle\caches\8.3\executionHistory)" [_thread_in_Java, id=6776, stack(0x0000003111e00000,0x0000003111f00000)]
  0x000001776da8ee80 JavaThread "jar transforms" [_thread_blocked, id=12148, stack(0x0000003112000000,0x0000003112100000)]
  0x000001776da91700 JavaThread "jar transforms Thread 2" [_thread_blocked, id=8700, stack(0x0000003112100000,0x0000003112200000)]
  0x000001776da8e460 JavaThread "jar transforms Thread 3" [_thread_blocked, id=11880, stack(0x0000003112200000,0x0000003112300000)]
  0x000001776da8e970 JavaThread "jar transforms Thread 4" [_thread_blocked, id=13412, stack(0x0000003112300000,0x0000003112400000)]
  0x000001776da92120 JavaThread "Cache worker for kotlin-dsl (C:\Users\admin\.gradle\caches\8.3\kotlin-dsl)" [_thread_blocked, id=3976, stack(0x0000003112500000,0x0000003112600000)]
  0x000001776da911f0 JavaThread "Unconstrained build operations" [_thread_blocked, id=5836, stack(0x0000003112400000,0x0000003112500000)]
  0x000001776da92b40 JavaThread "Unconstrained build operations Thread 2" [_thread_blocked, id=7368, stack(0x0000003112600000,0x0000003112700000)]
  0x000001776da8fdb0 JavaThread "Cache worker for dependencies-accessors (G:\MyReactNative\EducationApp\android\.gradle\8.3\dependencies-accessors)" [_thread_blocked, id=8704, stack(0x0000003112800000,0x0000003112900000)]
  0x000001776da93050 JavaThread "Cache worker for Build Output Cleanup Cache (G:\MyReactNative\EducationApp\node_modules\@react-native\gradle-plugin\.gradle\buildOutputCleanup)" [_thread_blocked, id=13908, stack(0x0000003112a00000,0x0000003112b00000)]
  0x000001776da8d020 JavaThread "Unconstrained build operations Thread 3" [_thread_blocked, id=9744, stack(0x0000003112c00000,0x0000003112d00000)]
  0x000001776da93560 JavaThread "Unconstrained build operations Thread 4" [_thread_blocked, id=3880, stack(0x0000003112d00000,0x0000003112e00000)]
  0x000001776da8c600 JavaThread "Unconstrained build operations Thread 5" [_thread_blocked, id=15620, stack(0x0000003112e00000,0x0000003112f00000)]
  0x000001776da93f80 JavaThread "Memory manager" [_thread_blocked, id=9456, stack(0x0000003112b00000,0x0000003112c00000)]
  0x000001776cc80df0 JavaThread "Cache worker for Build Output Cleanup Cache (G:\MyReactNative\EducationApp\android\.gradle\buildOutputCleanup)" [_thread_blocked, id=9240, stack(0x0000003112f00000,0x0000003113000000)]
  0x000001776cc81300 JavaThread "ForkJoinPool.commonPool-worker-1" daemon [_thread_blocked, id=8356, stack(0x0000003113000000,0x0000003113100000)]
  0x000001776cc82740 JavaThread "ForkJoinPool.commonPool-worker-2" daemon [_thread_blocked, id=4380, stack(0x0000003113100000,0x0000003113200000)]
  0x000001776cc81810 JavaThread "ForkJoinPool.commonPool-worker-3" daemon [_thread_blocked, id=6384, stack(0x0000003113200000,0x0000003113300000)]
  0x000001776cc83670 JavaThread "included builds" [_thread_blocked, id=16864, stack(0x0000003113300000,0x0000003113400000)]
  0x000001776cc7f9b0 JavaThread "Execution worker" [_thread_blocked, id=6416, stack(0x0000003113400000,0x0000003113500000)]
  0x000001776cc83160 JavaThread "Execution worker Thread 2" [_thread_blocked, id=4088, stack(0x0000003113500000,0x0000003113600000)]
  0x000001776cc845a0 JavaThread "Execution worker Thread 3" [_thread_blocked, id=16720, stack(0x0000003113600000,0x0000003113700000)]
  0x000001776cc83b80 JavaThread "Cache worker for execution history cache (G:\MyReactNative\EducationApp\node_modules\@react-native\gradle-plugin\.gradle\8.3\executionHistory)" [_thread_blocked, id=2676, stack(0x0000003113700000,0x0000003113800000)]
  0x000001776cc854d0 JavaThread "Unconstrained build operations Thread 6" [_thread_blocked, id=11280, stack(0x0000003113800000,0x0000003113900000)]
  0x000001776cc86910 JavaThread "Unconstrained build operations Thread 7" [_thread_blocked, id=3052, stack(0x0000003113900000,0x0000003113a00000)]
  0x000001776cc84fc0 JavaThread "Unconstrained build operations Thread 8" [_thread_blocked, id=11356, stack(0x0000003113a00000,0x0000003113b00000)]
  0x000001776cc859e0 JavaThread "Unconstrained build operations Thread 9" [_thread_blocked, id=12652, stack(0x0000003113b00000,0x0000003113c00000)]
  0x000001776cc7fec0 JavaThread "Unconstrained build operations Thread 10" [_thread_blocked, id=11772, stack(0x0000003113c00000,0x0000003113d00000)]
  0x000001776cc85ef0 JavaThread "Unconstrained build operations Thread 11" [_thread_blocked, id=12768, stack(0x0000003113d00000,0x0000003113e00000)]
  0x000001776cc803d0 JavaThread "Unconstrained build operations Thread 12" [_thread_blocked, id=4564, stack(0x0000003113e00000,0x0000003113f00000)]
  0x000001776cc81d20 JavaThread "Unconstrained build operations Thread 13" [_thread_blocked, id=10036, stack(0x0000003113f00000,0x0000003114000000)]
  0x000001776cecfa90 JavaThread "Unconstrained build operations Thread 14" [_thread_blocked, id=8044, stack(0x000000310f200000,0x000000310f300000)]
  0x000001776cc7f4a0 JavaThread "Unconstrained build operations Thread 15" [_thread_blocked, id=2544, stack(0x0000003114000000,0x0000003114100000)]
  0x000001776fa32b60 JavaThread "Unconstrained build operations Thread 16" [_thread_blocked, id=11032, stack(0x0000003114100000,0x0000003114200000)]
  0x000001776fa33fa0 JavaThread "Unconstrained build operations Thread 17" [_thread_blocked, id=12644, stack(0x000000310f100000,0x000000310f200000)]
  0x000001776fa31210 JavaThread "Unconstrained build operations Thread 18" [_thread_blocked, id=13588, stack(0x0000003114200000,0x0000003114300000)]
  0x000001776fa33a90 JavaThread "Unconstrained build operations Thread 19" [_thread_blocked, id=11068, stack(0x0000003114300000,0x0000003114400000)]
  0x000001776fa31c30 JavaThread "Unconstrained build operations Thread 20" [_thread_blocked, id=10660, stack(0x0000003114400000,0x0000003114500000)]
  0x000001776fa32140 JavaThread "Unconstrained build operations Thread 21" [_thread_blocked, id=1748, stack(0x0000003114500000,0x0000003114600000)]
  0x000001776fa33580 JavaThread "Unconstrained build operations Thread 22" [_thread_blocked, id=15972, stack(0x0000003114600000,0x0000003114700000)]
  0x0000017771be3dd0 JavaThread "Unconstrained build operations Thread 23" [_thread_blocked, id=10368, stack(0x0000003114700000,0x0000003114800000)]
  0x0000017771be1040 JavaThread "Unconstrained build operations Thread 24" [_thread_blocked, id=11208, stack(0x0000003114800000,0x0000003114900000)]
  0x0000017771be42e0 JavaThread "Unconstrained build operations Thread 25" [_thread_blocked, id=2896, stack(0x0000003114900000,0x0000003114a00000)]
  0x0000017771be1f70 JavaThread "Unconstrained build operations Thread 26" [_thread_blocked, id=1260, stack(0x0000003114a00000,0x0000003114b00000)]
  0x0000017771be2480 JavaThread "Unconstrained build operations Thread 27" [_thread_blocked, id=8652, stack(0x0000003114b00000,0x0000003114c00000)]
  0x0000017771be0110 JavaThread "Unconstrained build operations Thread 28" [_thread_blocked, id=15124, stack(0x0000003114c00000,0x0000003114d00000)]
  0x0000017771be2ea0 JavaThread "Unconstrained build operations Thread 29" [_thread_blocked, id=12972, stack(0x0000003114d00000,0x0000003114e00000)]
  0x0000017771be2990 JavaThread "Unconstrained build operations Thread 30" [_thread_blocked, id=6732, stack(0x0000003114e00000,0x0000003114f00000)]
  0x0000017771be5720 JavaThread "Unconstrained build operations Thread 31" [_thread_blocked, id=11212, stack(0x0000003114f00000,0x0000003115000000)]
  0x0000017771be1550 JavaThread "Unconstrained build operations Thread 32" [_thread_blocked, id=10960, stack(0x0000003115000000,0x0000003115100000)]
  0x0000017771be47f0 JavaThread "Unconstrained build operations Thread 33" [_thread_blocked, id=9952, stack(0x0000003115100000,0x0000003115200000)]
  0x0000017771be4d00 JavaThread "Unconstrained build operations Thread 34" [_thread_blocked, id=7328, stack(0x0000003115200000,0x0000003115300000)]
  0x0000017771be6650 JavaThread "Unconstrained build operations Thread 35" [_thread_blocked, id=9796, stack(0x0000003115300000,0x0000003115400000)]
  0x0000017771be5210 JavaThread "Unconstrained build operations Thread 36" [_thread_blocked, id=13036, stack(0x0000003115400000,0x0000003115500000)]
  0x0000017771be5c30 JavaThread "Unconstrained build operations Thread 37" [_thread_blocked, id=6576, stack(0x0000003115500000,0x0000003115600000)]
  0x0000017771be7a90 JavaThread "Unconstrained build operations Thread 38" [_thread_blocked, id=12968, stack(0x0000003115600000,0x0000003115700000)]
  0x0000017771be38c0 JavaThread "Unconstrained build operations Thread 39" [_thread_blocked, id=14476, stack(0x0000003115700000,0x0000003115800000)]
  0x0000017771be7070 JavaThread "Unconstrained build operations Thread 40" [_thread_blocked, id=14216, stack(0x0000003115800000,0x0000003115900000)]
  0x0000017771be0620 JavaThread "Cache worker for execution history cache (G:\MyReactNative\EducationApp\android\.gradle\8.3\executionHistory)" [_thread_blocked, id=5936, stack(0x0000003115900000,0x0000003115a00000)]

Other Threads:
  0x000001774bcbd4e0 VMThread "VM Thread" [stack: 0x000000310f900000,0x000000310fa00000] [id=568]
  0x000001772c1e2be0 WatcherThread [stack: 0x0000003110500000,0x0000003110600000] [id=10640]
  0x000001772c23b1e0 GCTaskThread "GC Thread#0" [stack: 0x000000310f400000,0x000000310f500000] [id=2968]
  0x000001776b521b00 GCTaskThread "GC Thread#1" [stack: 0x0000003110600000,0x0000003110700000] [id=15944]
  0x000001776b27e470 GCTaskThread "GC Thread#2" [stack: 0x0000003110700000,0x0000003110800000] [id=16160]
  0x000001776ba15c10 GCTaskThread "GC Thread#3" [stack: 0x0000003110800000,0x0000003110900000] [id=16380]
  0x000001772c24c130 ConcurrentGCThread "G1 Main Marker" [stack: 0x000000310f500000,0x000000310f600000] [id=15860]
  0x000001772c24cb40 ConcurrentGCThread "G1 Conc#0" [stack: 0x000000310f600000,0x000000310f700000] [id=9408]
  0x000001772c28e860 ConcurrentGCThread "G1 Refine#0" [stack: 0x000000310f700000,0x000000310f800000] [id=5128]
  0x000001776e033e90 ConcurrentGCThread "G1 Refine#1" [stack: 0x0000003111c00000,0x0000003111d00000] [id=1792]
  0x000001776e527280 ConcurrentGCThread "G1 Refine#2" [stack: 0x0000003111f00000,0x0000003112000000] [id=7652]
  0x000001774bb76830 ConcurrentGCThread "G1 Service" [stack: 0x000000310f800000,0x000000310f900000] [id=11308]

Threads with active compile tasks:
C2 CompilerThread0   104711 14320   !   4       org.gradle.cache.internal.DefaultMultiProcessSafeIndexedCache::getIfPresent (25 bytes)

VM state: not at safepoint (normal execution)

VM Mutex/Monitor currently owned by a thread: None

Heap address: 0x0000000080000000, size: 2048 MB, Compressed Oops mode: 32-bit

CDS archive(s) mapped at: [0x000001774c000000-0x000001774cbd0000-0x000001774cbd0000), size 12386304, SharedBaseAddress: 0x000001774c000000, ArchiveRelocationMode: 1.
Compressed class space mapped at: 0x000001774d000000-0x0000017767000000, reserved size: 436207616
Narrow klass base: 0x000001774c000000, Narrow klass shift: 0, Narrow klass range: 0x100000000

GC Precious Log:
 CPUs: 4 total, 4 available
 Memory: 8026M
 Large Page Support: Disabled
 NUMA Support: Disabled
 Compressed Oops: Enabled (32-bit)
 Heap Region Size: 1M
 Heap Min Capacity: 8M
 Heap Initial Capacity: 126M
 Heap Max Capacity: 2G
 Pre-touch: Disabled
 Parallel Workers: 4
 Concurrent Workers: 1
 Concurrent Refinement Workers: 4
 Periodic GC: Disabled

Heap:
 garbage-first heap   total 236544K, used 167035K [0x0000000080000000, 0x0000000100000000)
  region size 1024K, 17 young (17408K), 7 survivors (7168K)
 Metaspace       used 97700K, committed 98624K, reserved 557056K
  class space    used 13612K, committed 14080K, reserved 425984K

Heap Regions: E=young(eden), S=young(survivor), O=old, HS=humongous(starts), HC=humongous(continues), CS=collection set, F=free, OA=open archive, CA=closed archive, TAMS=top-at-mark-start (previous, next)
|   0|0x0000000080000000, 0x0000000080100000, 0x0000000080100000|100%| O|  |TAMS 0x0000000080100000, 0x0000000080000000| Untracked 
|   1|0x0000000080100000, 0x0000000080200000, 0x0000000080200000|100%| O|  |TAMS 0x0000000080200000, 0x0000000080100000| Untracked 
|   2|0x0000000080200000, 0x0000000080300000, 0x0000000080300000|100%|HS|  |TAMS 0x0000000080300000, 0x0000000080200000| Complete 
|   3|0x0000000080300000, 0x0000000080400000, 0x0000000080400000|100%|HC|  |TAMS 0x0000000080400000, 0x0000000080300000| Complete 
|   4|0x0000000080400000, 0x0000000080500000, 0x0000000080500000|100%|HC|  |TAMS 0x0000000080500000, 0x0000000080400000| Complete 
|   5|0x0000000080500000, 0x0000000080600000, 0x0000000080600000|100%|HC|  |TAMS 0x0000000080600000, 0x0000000080500000| Complete 
|   6|0x0000000080600000, 0x0000000080700000, 0x0000000080700000|100%| O|  |TAMS 0x0000000080700000, 0x0000000080600000| Untracked 
|   7|0x0000000080700000, 0x0000000080800000, 0x0000000080800000|100%| O|  |TAMS 0x0000000080800000, 0x0000000080700000| Untracked 
|   8|0x0000000080800000, 0x0000000080900000, 0x0000000080900000|100%| O|  |TAMS 0x0000000080900000, 0x0000000080800000| Untracked 
|   9|0x0000000080900000, 0x0000000080a00000, 0x0000000080a00000|100%| O|  |TAMS 0x0000000080a00000, 0x0000000080900000| Untracked 
|  10|0x0000000080a00000, 0x0000000080b00000, 0x0000000080b00000|100%| O|  |TAMS 0x0000000080b00000, 0x0000000080a00000| Untracked 
|  11|0x0000000080b00000, 0x0000000080c00000, 0x0000000080c00000|100%| O|  |TAMS 0x0000000080c00000, 0x0000000080b00000| Untracked 
|  12|0x0000000080c00000, 0x0000000080d00000, 0x0000000080d00000|100%| O|  |TAMS 0x0000000080d00000, 0x0000000080c00000| Untracked 
|  13|0x0000000080d00000, 0x0000000080e00000, 0x0000000080e00000|100%| O|  |TAMS 0x0000000080e00000, 0x0000000080d00000| Untracked 
|  14|0x0000000080e00000, 0x0000000080f00000, 0x0000000080f00000|100%| O|  |TAMS 0x0000000080f00000, 0x0000000080e00000| Untracked 
|  15|0x0000000080f00000, 0x0000000081000000, 0x0000000081000000|100%| O|  |TAMS 0x0000000081000000, 0x0000000080f00000| Untracked 
|  16|0x0000000081000000, 0x0000000081100000, 0x0000000081100000|100%| O|  |TAMS 0x0000000081100000, 0x0000000081000000| Untracked 
|  17|0x0000000081100000, 0x0000000081200000, 0x0000000081200000|100%| O|  |TAMS 0x0000000081200000, 0x0000000081100000| Untracked 
|  18|0x0000000081200000, 0x0000000081300000, 0x0000000081300000|100%| O|  |TAMS 0x0000000081300000, 0x0000000081200000| Untracked 
|  19|0x0000000081300000, 0x00000000813eec00, 0x0000000081400000| 93%| O|  |TAMS 0x00000000813eec00, 0x0000000081300000| Untracked 
|  20|0x0000000081400000, 0x0000000081500000, 0x0000000081500000|100%| O|  |TAMS 0x0000000081500000, 0x0000000081400000| Untracked 
|  21|0x0000000081500000, 0x0000000081600000, 0x0000000081600000|100%| O|  |TAMS 0x0000000081600000, 0x0000000081500000| Untracked 
|  22|0x0000000081600000, 0x0000000081700000, 0x0000000081700000|100%| O|  |TAMS 0x0000000081700000, 0x0000000081600000| Untracked 
|  23|0x0000000081700000, 0x0000000081800000, 0x0000000081800000|100%| O|  |TAMS 0x0000000081800000, 0x0000000081700000| Untracked 
|  24|0x0000000081800000, 0x0000000081900000, 0x0000000081900000|100%| O|  |TAMS 0x0000000081900000, 0x0000000081800000| Untracked 
|  25|0x0000000081900000, 0x0000000081a00000, 0x0000000081a00000|100%| O|  |TAMS 0x0000000081a00000, 0x0000000081900000| Untracked 
|  26|0x0000000081a00000, 0x0000000081b00000, 0x0000000081b00000|100%| O|  |TAMS 0x0000000081b00000, 0x0000000081a00000| Untracked 
|  27|0x0000000081b00000, 0x0000000081c00000, 0x0000000081c00000|100%| O|  |TAMS 0x0000000081c00000, 0x0000000081b00000| Untracked 
|  28|0x0000000081c00000, 0x0000000081d00000, 0x0000000081d00000|100%| O|  |TAMS 0x0000000081d00000, 0x0000000081c00000| Untracked 
|  29|0x0000000081d00000, 0x0000000081e00000, 0x0000000081e00000|100%| O|  |TAMS 0x0000000081e00000, 0x0000000081d00000| Untracked 
|  30|0x0000000081e00000, 0x0000000081f00000, 0x0000000081f00000|100%| O|  |TAMS 0x0000000081f00000, 0x0000000081e00000| Untracked 
|  31|0x0000000081f00000, 0x0000000082000000, 0x0000000082000000|100%| O|  |TAMS 0x0000000082000000, 0x0000000081f00000| Untracked 
|  32|0x0000000082000000, 0x0000000082100000, 0x0000000082100000|100%| O|  |TAMS 0x0000000082100000, 0x0000000082000000| Untracked 
|  33|0x0000000082100000, 0x0000000082200000, 0x0000000082200000|100%| O|  |TAMS 0x0000000082200000, 0x0000000082100000| Untracked 
|  34|0x0000000082200000, 0x0000000082300000, 0x0000000082300000|100%|HS|  |TAMS 0x0000000082300000, 0x0000000082200000| Complete 
|  35|0x0000000082300000, 0x0000000082400000, 0x0000000082400000|100%|HC|  |TAMS 0x0000000082400000, 0x0000000082300000| Complete 
|  36|0x0000000082400000, 0x0000000082500000, 0x0000000082500000|100%| O|  |TAMS 0x0000000082500000, 0x0000000082400000| Untracked 
|  37|0x0000000082500000, 0x0000000082600000, 0x0000000082600000|100%| O|  |TAMS 0x0000000082600000, 0x0000000082500000| Untracked 
|  38|0x0000000082600000, 0x0000000082700000, 0x0000000082700000|100%|HS|  |TAMS 0x0000000082700000, 0x0000000082600000| Complete 
|  39|0x0000000082700000, 0x0000000082800000, 0x0000000082800000|100%|HC|  |TAMS 0x0000000082800000, 0x0000000082700000| Complete 
|  40|0x0000000082800000, 0x0000000082900000, 0x0000000082900000|100%| O|  |TAMS 0x0000000082900000, 0x0000000082800000| Untracked 
|  41|0x0000000082900000, 0x0000000082a00000, 0x0000000082a00000|100%| O|  |TAMS 0x0000000082a00000, 0x0000000082900000| Untracked 
|  42|0x0000000082a00000, 0x0000000082b00000, 0x0000000082b00000|100%|HS|  |TAMS 0x0000000082b00000, 0x0000000082a00000| Complete 
|  43|0x0000000082b00000, 0x0000000082c00000, 0x0000000082c00000|100%|HC|  |TAMS 0x0000000082c00000, 0x0000000082b00000| Complete 
|  44|0x0000000082c00000, 0x0000000082d00000, 0x0000000082d00000|100%|HC|  |TAMS 0x0000000082d00000, 0x0000000082c00000| Complete 
|  45|0x0000000082d00000, 0x0000000082e00000, 0x0000000082e00000|100%|HC|  |TAMS 0x0000000082e00000, 0x0000000082d00000| Complete 
|  46|0x0000000082e00000, 0x0000000082f00000, 0x0000000082f00000|100%| O|  |TAMS 0x0000000082f00000, 0x0000000082e00000| Untracked 
|  47|0x0000000082f00000, 0x0000000083000000, 0x0000000083000000|100%| O|  |TAMS 0x0000000083000000, 0x0000000082f00000| Untracked 
|  48|0x0000000083000000, 0x0000000083100000, 0x0000000083100000|100%| O|  |TAMS 0x0000000083100000, 0x0000000083000000| Untracked 
|  49|0x0000000083100000, 0x0000000083200000, 0x0000000083200000|100%| O|  |TAMS 0x0000000083200000, 0x0000000083100000| Untracked 
|  50|0x0000000083200000, 0x0000000083300000, 0x0000000083300000|100%|HS|  |TAMS 0x0000000083300000, 0x0000000083200000| Complete 
|  51|0x0000000083300000, 0x0000000083400000, 0x0000000083400000|100%|HC|  |TAMS 0x0000000083400000, 0x0000000083300000| Complete 
|  52|0x0000000083400000, 0x0000000083500000, 0x0000000083500000|100%|HC|  |TAMS 0x0000000083500000, 0x0000000083400000| Complete 
|  53|0x0000000083500000, 0x0000000083600000, 0x0000000083600000|100%|HC|  |TAMS 0x0000000083600000, 0x0000000083500000| Complete 
|  54|0x0000000083600000, 0x0000000083700000, 0x0000000083700000|100%| O|  |TAMS 0x0000000083700000, 0x0000000083600000| Untracked 
|  55|0x0000000083700000, 0x0000000083800000, 0x0000000083800000|100%| O|  |TAMS 0x0000000083800000, 0x0000000083700000| Untracked 
|  56|0x0000000083800000, 0x0000000083900000, 0x0000000083900000|100%| O|  |TAMS 0x0000000083900000, 0x0000000083800000| Untracked 
|  57|0x0000000083900000, 0x0000000083a00000, 0x0000000083a00000|100%| O|  |TAMS 0x0000000083a00000, 0x0000000083900000| Untracked 
|  58|0x0000000083a00000, 0x0000000083b00000, 0x0000000083b00000|100%| O|  |TAMS 0x0000000083b00000, 0x0000000083a00000| Untracked 
|  59|0x0000000083b00000, 0x0000000083c00000, 0x0000000083c00000|100%| O|  |TAMS 0x0000000083c00000, 0x0000000083b00000| Untracked 
|  60|0x0000000083c00000, 0x0000000083d00000, 0x0000000083d00000|100%| O|  |TAMS 0x0000000083d00000, 0x0000000083c00000| Untracked 
|  61|0x0000000083d00000, 0x0000000083e00000, 0x0000000083e00000|100%| O|  |TAMS 0x0000000083e00000, 0x0000000083d00000| Untracked 
|  62|0x0000000083e00000, 0x0000000083f00000, 0x0000000083f00000|100%| O|  |TAMS 0x0000000083f00000, 0x0000000083e00000| Untracked 
|  63|0x0000000083f00000, 0x0000000084000000, 0x0000000084000000|100%| O|  |TAMS 0x0000000084000000, 0x0000000083f00000| Untracked 
|  64|0x0000000084000000, 0x0000000084100000, 0x0000000084100000|100%|HS|  |TAMS 0x0000000084000000, 0x0000000084000000| Complete 
|  65|0x0000000084100000, 0x0000000084200000, 0x0000000084200000|100%|HS|  |TAMS 0x0000000084200000, 0x0000000084100000| Complete 
|  66|0x0000000084200000, 0x0000000084300000, 0x0000000084300000|100%|HS|  |TAMS 0x0000000084300000, 0x0000000084200000| Complete 
|  67|0x0000000084300000, 0x0000000084400000, 0x0000000084400000|100%|HS|  |TAMS 0x0000000084400000, 0x0000000084300000| Complete 
|  68|0x0000000084400000, 0x0000000084500000, 0x0000000084500000|100%| O|  |TAMS 0x0000000084500000, 0x0000000084400000| Untracked 
|  69|0x0000000084500000, 0x0000000084600000, 0x0000000084600000|100%| O|  |TAMS 0x0000000084600000, 0x0000000084500000| Untracked 
|  70|0x0000000084600000, 0x0000000084700000, 0x0000000084700000|100%| O|  |TAMS 0x0000000084700000, 0x0000000084600000| Untracked 
|  71|0x0000000084700000, 0x0000000084800000, 0x0000000084800000|100%|HS|  |TAMS 0x0000000084800000, 0x0000000084700000| Complete 
|  72|0x0000000084800000, 0x0000000084900000, 0x0000000084900000|100%| O|  |TAMS 0x0000000084900000, 0x0000000084800000| Untracked 
|  73|0x0000000084900000, 0x0000000084a00000, 0x0000000084a00000|100%| O|  |TAMS 0x0000000084a00000, 0x0000000084900000| Untracked 
|  74|0x0000000084a00000, 0x0000000084b00000, 0x0000000084b00000|100%| O|  |TAMS 0x0000000084b00000, 0x0000000084a00000| Untracked 
|  75|0x0000000084b00000, 0x0000000084c00000, 0x0000000084c00000|100%| O|  |TAMS 0x0000000084c00000, 0x0000000084b00000| Untracked 
|  76|0x0000000084c00000, 0x0000000084d00000, 0x0000000084d00000|100%| O|  |TAMS 0x0000000084d00000, 0x0000000084c00000| Untracked 
|  77|0x0000000084d00000, 0x0000000084e00000, 0x0000000084e00000|100%| O|  |TAMS 0x0000000084e00000, 0x0000000084d00000| Untracked 
|  78|0x0000000084e00000, 0x0000000084f00000, 0x0000000084f00000|100%| O|  |TAMS 0x0000000084f00000, 0x0000000084e00000| Untracked 
|  79|0x0000000084f00000, 0x0000000085000000, 0x0000000085000000|100%| O|  |TAMS 0x0000000085000000, 0x0000000084f00000| Untracked 
|  80|0x0000000085000000, 0x0000000085100000, 0x0000000085100000|100%| O|  |TAMS 0x0000000085100000, 0x0000000085000000| Untracked 
|  81|0x0000000085100000, 0x0000000085200000, 0x0000000085200000|100%| O|  |TAMS 0x0000000085200000, 0x0000000085100000| Untracked 
|  82|0x0000000085200000, 0x0000000085300000, 0x0000000085300000|100%| O|  |TAMS 0x0000000085300000, 0x0000000085200000| Untracked 
|  83|0x0000000085300000, 0x0000000085400000, 0x0000000085400000|100%| O|  |TAMS 0x0000000085400000, 0x0000000085300000| Untracked 
|  84|0x0000000085400000, 0x0000000085500000, 0x0000000085500000|100%| O|  |TAMS 0x0000000085500000, 0x0000000085400000| Untracked 
|  85|0x0000000085500000, 0x0000000085600000, 0x0000000085600000|100%| O|  |TAMS 0x0000000085600000, 0x0000000085500000| Untracked 
|  86|0x0000000085600000, 0x0000000085700000, 0x0000000085700000|100%| O|  |TAMS 0x0000000085700000, 0x0000000085600000| Untracked 
|  87|0x0000000085700000, 0x0000000085800000, 0x0000000085800000|100%| O|  |TAMS 0x0000000085800000, 0x0000000085700000| Untracked 
|  88|0x0000000085800000, 0x0000000085900000, 0x0000000085900000|100%| O|  |TAMS 0x0000000085900000, 0x0000000085800000| Untracked 
|  89|0x0000000085900000, 0x0000000085a00000, 0x0000000085a00000|100%| O|  |TAMS 0x0000000085a00000, 0x0000000085900000| Untracked 
|  90|0x0000000085a00000, 0x0000000085b00000, 0x0000000085b00000|100%|HS|  |TAMS 0x0000000085b00000, 0x0000000085a00000| Complete 
|  91|0x0000000085b00000, 0x0000000085c00000, 0x0000000085c00000|100%|HC|  |TAMS 0x0000000085c00000, 0x0000000085b00000| Complete 
|  92|0x0000000085c00000, 0x0000000085d00000, 0x0000000085d00000|100%|HC|  |TAMS 0x0000000085d00000, 0x0000000085c00000| Complete 
|  93|0x0000000085d00000, 0x0000000085e00000, 0x0000000085e00000|100%|HS|  |TAMS 0x0000000085e00000, 0x0000000085d00000| Complete 
|  94|0x0000000085e00000, 0x0000000085f00000, 0x0000000085f00000|100%|HC|  |TAMS 0x0000000085f00000, 0x0000000085e00000| Complete 
|  95|0x0000000085f00000, 0x0000000086000000, 0x0000000086000000|100%| O|  |TAMS 0x0000000086000000, 0x0000000085f00000| Untracked 
|  96|0x0000000086000000, 0x0000000086100000, 0x0000000086100000|100%| O|  |TAMS 0x0000000086100000, 0x0000000086000000| Untracked 
|  97|0x0000000086100000, 0x0000000086200000, 0x0000000086200000|100%| O|  |TAMS 0x0000000086200000, 0x0000000086100000| Untracked 
|  98|0x0000000086200000, 0x0000000086300000, 0x0000000086300000|100%| O|  |TAMS 0x0000000086300000, 0x0000000086200000| Untracked 
|  99|0x0000000086300000, 0x0000000086400000, 0x0000000086400000|100%| O|  |TAMS 0x0000000086394600, 0x0000000086300000| Untracked 
| 100|0x0000000086400000, 0x0000000086500000, 0x0000000086500000|100%| O|  |TAMS 0x0000000086400000, 0x0000000086400000| Untracked 
| 101|0x0000000086500000, 0x0000000086600000, 0x0000000086600000|100%| O|  |TAMS 0x0000000086500000, 0x0000000086500000| Untracked 
| 102|0x0000000086600000, 0x0000000086700000, 0x0000000086700000|100%| O|  |TAMS 0x0000000086600000, 0x0000000086600000| Untracked 
| 103|0x0000000086700000, 0x0000000086800000, 0x0000000086800000|100%| O|  |TAMS 0x0000000086700000, 0x0000000086700000| Untracked 
| 104|0x0000000086800000, 0x0000000086900000, 0x0000000086900000|100%| O|  |TAMS 0x0000000086800000, 0x0000000086800000| Untracked 
| 105|0x0000000086900000, 0x0000000086a00000, 0x0000000086a00000|100%|HS|  |TAMS 0x0000000086900000, 0x0000000086900000| Complete 
| 106|0x0000000086a00000, 0x0000000086b00000, 0x0000000086b00000|100%|HS|  |TAMS 0x0000000086a00000, 0x0000000086a00000| Complete 
| 107|0x0000000086b00000, 0x0000000086c00000, 0x0000000086c00000|100%| O|  |TAMS 0x0000000086b00000, 0x0000000086b00000| Untracked 
| 108|0x0000000086c00000, 0x0000000086d00000, 0x0000000086d00000|100%|HS|  |TAMS 0x0000000086c00000, 0x0000000086c00000| Complete 
| 109|0x0000000086d00000, 0x0000000086e00000, 0x0000000086e00000|100%|HC|  |TAMS 0x0000000086d00000, 0x0000000086d00000| Complete 
| 110|0x0000000086e00000, 0x0000000086f00000, 0x0000000086f00000|100%| O|  |TAMS 0x0000000086e00000, 0x0000000086e00000| Untracked 
| 111|0x0000000086f00000, 0x0000000087000000, 0x0000000087000000|100%| O|  |TAMS 0x0000000086f00000, 0x0000000086f00000| Untracked 
| 112|0x0000000087000000, 0x0000000087100000, 0x0000000087100000|100%| O|  |TAMS 0x0000000087000000, 0x0000000087000000| Untracked 
| 113|0x0000000087100000, 0x0000000087200000, 0x0000000087200000|100%| O|  |TAMS 0x0000000087100000, 0x0000000087100000| Untracked 
| 114|0x0000000087200000, 0x0000000087300000, 0x0000000087300000|100%| O|  |TAMS 0x0000000087200000, 0x0000000087200000| Untracked 
| 115|0x0000000087300000, 0x0000000087400000, 0x0000000087400000|100%| O|  |TAMS 0x0000000087300000, 0x0000000087300000| Untracked 
| 116|0x0000000087400000, 0x0000000087500000, 0x0000000087500000|100%| O|  |TAMS 0x0000000087400000, 0x0000000087400000| Untracked 
| 117|0x0000000087500000, 0x0000000087600000, 0x0000000087600000|100%| O|  |TAMS 0x0000000087500000, 0x0000000087500000| Untracked 
| 118|0x0000000087600000, 0x0000000087700000, 0x0000000087700000|100%| O|  |TAMS 0x0000000087600000, 0x0000000087600000| Untracked 
| 119|0x0000000087700000, 0x0000000087800000, 0x0000000087800000|100%| O|  |TAMS 0x0000000087700000, 0x0000000087700000| Untracked 
| 120|0x0000000087800000, 0x0000000087900000, 0x0000000087900000|100%| O|  |TAMS 0x0000000087800000, 0x0000000087800000| Untracked 
| 121|0x0000000087900000, 0x0000000087a00000, 0x0000000087a00000|100%| O|  |TAMS 0x0000000087900000, 0x0000000087900000| Untracked 
| 122|0x0000000087a00000, 0x0000000087b00000, 0x0000000087b00000|100%| O|  |TAMS 0x0000000087a00000, 0x0000000087a00000| Untracked 
| 123|0x0000000087b00000, 0x0000000087c00000, 0x0000000087c00000|100%| O|  |TAMS 0x0000000087b00000, 0x0000000087b00000| Untracked 
| 124|0x0000000087c00000, 0x0000000087d00000, 0x0000000087d00000|100%| O|  |TAMS 0x0000000087c00000, 0x0000000087c00000| Untracked 
| 125|0x0000000087d00000, 0x0000000087e00000, 0x0000000087e00000|100%| O|  |TAMS 0x0000000087d00000, 0x0000000087d00000| Untracked 
| 126|0x0000000087e00000, 0x0000000087f00000, 0x0000000087f00000|100%| O|  |TAMS 0x0000000087e00000, 0x0000000087e00000| Untracked 
| 127|0x0000000087f00000, 0x0000000088000000, 0x0000000088000000|100%| O|  |TAMS 0x0000000087f00000, 0x0000000087f00000| Untracked 
| 128|0x0000000088000000, 0x0000000088100000, 0x0000000088100000|100%| O|  |TAMS 0x0000000088000000, 0x0000000088000000| Untracked 
| 129|0x0000000088100000, 0x0000000088200000, 0x0000000088200000|100%| O|  |TAMS 0x0000000088100000, 0x0000000088100000| Untracked 
| 130|0x0000000088200000, 0x0000000088300000, 0x0000000088300000|100%| O|  |TAMS 0x0000000088200000, 0x0000000088200000| Untracked 
| 131|0x0000000088300000, 0x0000000088400000, 0x0000000088400000|100%| O|  |TAMS 0x0000000088300000, 0x0000000088300000| Untracked 
| 132|0x0000000088400000, 0x0000000088500000, 0x0000000088500000|100%| O|  |TAMS 0x0000000088400000, 0x0000000088400000| Untracked 
| 133|0x0000000088500000, 0x0000000088600000, 0x0000000088600000|100%| O|  |TAMS 0x0000000088500000, 0x0000000088500000| Untracked 
| 134|0x0000000088600000, 0x0000000088700000, 0x0000000088700000|100%| O|  |TAMS 0x0000000088600000, 0x0000000088600000| Untracked 
| 135|0x0000000088700000, 0x0000000088800000, 0x0000000088800000|100%| O|  |TAMS 0x0000000088700000, 0x0000000088700000| Untracked 
| 136|0x0000000088800000, 0x0000000088900000, 0x0000000088900000|100%| O|  |TAMS 0x0000000088800000, 0x0000000088800000| Untracked 
| 137|0x0000000088900000, 0x0000000088a00000, 0x0000000088a00000|100%| O|  |TAMS 0x0000000088900000, 0x0000000088900000| Untracked 
| 138|0x0000000088a00000, 0x0000000088b00000, 0x0000000088b00000|100%| O|  |TAMS 0x0000000088a00000, 0x0000000088a00000| Untracked 
| 139|0x0000000088b00000, 0x0000000088c00000, 0x0000000088c00000|100%| O|  |TAMS 0x0000000088b00000, 0x0000000088b00000| Untracked 
| 140|0x0000000088c00000, 0x0000000088d00000, 0x0000000088d00000|100%| O|  |TAMS 0x0000000088c00000, 0x0000000088c00000| Untracked 
| 141|0x0000000088d00000, 0x0000000088e00000, 0x0000000088e00000|100%| O|  |TAMS 0x0000000088d00000, 0x0000000088d00000| Untracked 
| 142|0x0000000088e00000, 0x0000000088f00000, 0x0000000088f00000|100%| O|  |TAMS 0x0000000088e00000, 0x0000000088e00000| Untracked 
| 143|0x0000000088f00000, 0x0000000088f89800, 0x0000000089000000| 53%| O|  |TAMS 0x0000000088f00000, 0x0000000088f00000| Untracked 
| 144|0x0000000089000000, 0x0000000089100000, 0x0000000089100000|100%|HS|  |TAMS 0x0000000089000000, 0x0000000089000000| Complete 
| 145|0x0000000089100000, 0x0000000089200000, 0x0000000089200000|100%|HC|  |TAMS 0x0000000089100000, 0x0000000089100000| Complete 
| 146|0x0000000089200000, 0x0000000089300000, 0x0000000089300000|100%|HS|  |TAMS 0x0000000089200000, 0x0000000089200000| Complete 
| 147|0x0000000089300000, 0x0000000089400000, 0x0000000089400000|100%|HC|  |TAMS 0x0000000089300000, 0x0000000089300000| Complete 
| 148|0x0000000089400000, 0x0000000089400000, 0x0000000089500000|  0%| F|  |TAMS 0x0000000089400000, 0x0000000089400000| Untracked 
| 149|0x0000000089500000, 0x0000000089500000, 0x0000000089600000|  0%| F|  |TAMS 0x0000000089500000, 0x0000000089500000| Untracked 
| 150|0x0000000089600000, 0x0000000089600000, 0x0000000089700000|  0%| F|  |TAMS 0x0000000089600000, 0x0000000089600000| Untracked 
| 151|0x0000000089700000, 0x0000000089700000, 0x0000000089800000|  0%| F|  |TAMS 0x0000000089700000, 0x0000000089700000| Untracked 
| 152|0x0000000089800000, 0x0000000089800000, 0x0000000089900000|  0%| F|  |TAMS 0x0000000089800000, 0x0000000089800000| Untracked 
| 153|0x0000000089900000, 0x0000000089900000, 0x0000000089a00000|  0%| F|  |TAMS 0x0000000089900000, 0x0000000089900000| Untracked 
| 154|0x0000000089a00000, 0x0000000089a00000, 0x0000000089b00000|  0%| F|  |TAMS 0x0000000089a00000, 0x0000000089a00000| Untracked 
| 155|0x0000000089b00000, 0x0000000089b00000, 0x0000000089c00000|  0%| F|  |TAMS 0x0000000089b00000, 0x0000000089b00000| Untracked 
| 156|0x0000000089c00000, 0x0000000089c00000, 0x0000000089d00000|  0%| F|  |TAMS 0x0000000089c00000, 0x0000000089c00000| Untracked 
| 157|0x0000000089d00000, 0x0000000089d00000, 0x0000000089e00000|  0%| F|  |TAMS 0x0000000089d00000, 0x0000000089d00000| Untracked 
| 158|0x0000000089e00000, 0x0000000089e00000, 0x0000000089f00000|  0%| F|  |TAMS 0x0000000089e00000, 0x0000000089e00000| Untracked 
| 159|0x0000000089f00000, 0x0000000089f00000, 0x000000008a000000|  0%| F|  |TAMS 0x0000000089f00000, 0x0000000089f00000| Untracked 
| 160|0x000000008a000000, 0x000000008a000000, 0x000000008a100000|  0%| F|  |TAMS 0x000000008a000000, 0x000000008a000000| Untracked 
| 161|0x000000008a100000, 0x000000008a100000, 0x000000008a200000|  0%| F|  |TAMS 0x000000008a100000, 0x000000008a100000| Untracked 
| 162|0x000000008a200000, 0x000000008a200000, 0x000000008a300000|  0%| F|  |TAMS 0x000000008a200000, 0x000000008a200000| Untracked 
| 163|0x000000008a300000, 0x000000008a300000, 0x000000008a400000|  0%| F|  |TAMS 0x000000008a300000, 0x000000008a300000| Untracked 
| 164|0x000000008a400000, 0x000000008a400000, 0x000000008a500000|  0%| F|  |TAMS 0x000000008a400000, 0x000000008a400000| Untracked 
| 165|0x000000008a500000, 0x000000008a500000, 0x000000008a600000|  0%| F|  |TAMS 0x000000008a500000, 0x000000008a500000| Untracked 
| 166|0x000000008a600000, 0x000000008a600000, 0x000000008a700000|  0%| F|  |TAMS 0x000000008a600000, 0x000000008a600000| Untracked 
| 167|0x000000008a700000, 0x000000008a700000, 0x000000008a800000|  0%| F|  |TAMS 0x000000008a700000, 0x000000008a700000| Untracked 
| 168|0x000000008a800000, 0x000000008a800000, 0x000000008a900000|  0%| F|  |TAMS 0x000000008a800000, 0x000000008a800000| Untracked 
| 169|0x000000008a900000, 0x000000008a900000, 0x000000008aa00000|  0%| F|  |TAMS 0x000000008a900000, 0x000000008a900000| Untracked 
| 170|0x000000008aa00000, 0x000000008aa00000, 0x000000008ab00000|  0%| F|  |TAMS 0x000000008aa00000, 0x000000008aa00000| Untracked 
| 171|0x000000008ab00000, 0x000000008ab00000, 0x000000008ac00000|  0%| F|  |TAMS 0x000000008ab00000, 0x000000008ab00000| Untracked 
| 172|0x000000008ac00000, 0x000000008ac00000, 0x000000008ad00000|  0%| F|  |TAMS 0x000000008ac00000, 0x000000008ac00000| Untracked 
| 173|0x000000008ad00000, 0x000000008ada69a0, 0x000000008ae00000| 65%| S|CS|TAMS 0x000000008ad00000, 0x000000008ad00000| Complete 
| 174|0x000000008ae00000, 0x000000008af00000, 0x000000008af00000|100%| S|CS|TAMS 0x000000008ae00000, 0x000000008ae00000| Complete 
| 175|0x000000008af00000, 0x000000008b000000, 0x000000008b000000|100%| S|CS|TAMS 0x000000008af00000, 0x000000008af00000| Complete 
| 176|0x000000008b000000, 0x000000008b100000, 0x000000008b100000|100%| S|CS|TAMS 0x000000008b000000, 0x000000008b000000| Complete 
| 177|0x000000008b100000, 0x000000008b200000, 0x000000008b200000|100%| S|CS|TAMS 0x000000008b100000, 0x000000008b100000| Complete 
| 178|0x000000008b200000, 0x000000008b300000, 0x000000008b300000|100%| S|CS|TAMS 0x000000008b200000, 0x000000008b200000| Complete 
| 179|0x000000008b300000, 0x000000008b300000, 0x000000008b400000|  0%| F|  |TAMS 0x000000008b300000, 0x000000008b300000| Untracked 
| 180|0x000000008b400000, 0x000000008b400000, 0x000000008b500000|  0%| F|  |TAMS 0x000000008b400000, 0x000000008b400000| Untracked 
| 181|0x000000008b500000, 0x000000008b500000, 0x000000008b600000|  0%| F|  |TAMS 0x000000008b500000, 0x000000008b500000| Untracked 
| 182|0x000000008b600000, 0x000000008b700000, 0x000000008b700000|100%| S|CS|TAMS 0x000000008b600000, 0x000000008b600000| Complete 
| 183|0x000000008b700000, 0x000000008b700000, 0x000000008b800000|  0%| F|  |TAMS 0x000000008b700000, 0x000000008b700000| Untracked 
| 184|0x000000008b800000, 0x000000008b800000, 0x000000008b900000|  0%| F|  |TAMS 0x000000008b800000, 0x000000008b800000| Untracked 
| 185|0x000000008b900000, 0x000000008b900000, 0x000000008ba00000|  0%| F|  |TAMS 0x000000008b900000, 0x000000008b900000| Untracked 
| 186|0x000000008ba00000, 0x000000008ba00000, 0x000000008bb00000|  0%| F|  |TAMS 0x000000008ba00000, 0x000000008ba00000| Untracked 
| 187|0x000000008bb00000, 0x000000008bb00000, 0x000000008bc00000|  0%| F|  |TAMS 0x000000008bb00000, 0x000000008bb00000| Untracked 
| 188|0x000000008bc00000, 0x000000008bc00000, 0x000000008bd00000|  0%| F|  |TAMS 0x000000008bc00000, 0x000000008bc00000| Untracked 
| 189|0x000000008bd00000, 0x000000008bd00000, 0x000000008be00000|  0%| F|  |TAMS 0x000000008bd00000, 0x000000008bd00000| Untracked 
| 190|0x000000008be00000, 0x000000008be00000, 0x000000008bf00000|  0%| F|  |TAMS 0x000000008be00000, 0x000000008be00000| Untracked 
| 191|0x000000008bf00000, 0x000000008bf00000, 0x000000008c000000|  0%| F|  |TAMS 0x000000008bf00000, 0x000000008bf00000| Untracked 
| 192|0x000000008c000000, 0x000000008c000000, 0x000000008c100000|  0%| F|  |TAMS 0x000000008c000000, 0x000000008c000000| Untracked 
| 193|0x000000008c100000, 0x000000008c100000, 0x000000008c200000|  0%| F|  |TAMS 0x000000008c100000, 0x000000008c100000| Untracked 
| 194|0x000000008c200000, 0x000000008c200000, 0x000000008c300000|  0%| F|  |TAMS 0x000000008c200000, 0x000000008c200000| Untracked 
| 195|0x000000008c300000, 0x000000008c300000, 0x000000008c400000|  0%| F|  |TAMS 0x000000008c300000, 0x000000008c300000| Untracked 
| 196|0x000000008c400000, 0x000000008c400000, 0x000000008c500000|  0%| F|  |TAMS 0x000000008c400000, 0x000000008c400000| Untracked 
| 197|0x000000008c500000, 0x000000008c500000, 0x000000008c600000|  0%| F|  |TAMS 0x000000008c500000, 0x000000008c500000| Untracked 
| 198|0x000000008c600000, 0x000000008c600000, 0x000000008c700000|  0%| F|  |TAMS 0x000000008c600000, 0x000000008c600000| Untracked 
| 199|0x000000008c700000, 0x000000008c700000, 0x000000008c800000|  0%| F|  |TAMS 0x000000008c700000, 0x000000008c700000| Untracked 
| 200|0x000000008c800000, 0x000000008c800000, 0x000000008c900000|  0%| F|  |TAMS 0x000000008c800000, 0x000000008c800000| Untracked 
| 201|0x000000008c900000, 0x000000008c900000, 0x000000008ca00000|  0%| F|  |TAMS 0x000000008c900000, 0x000000008c900000| Untracked 
| 202|0x000000008ca00000, 0x000000008ca00000, 0x000000008cb00000|  0%| F|  |TAMS 0x000000008ca00000, 0x000000008ca00000| Untracked 
| 203|0x000000008cb00000, 0x000000008cb00000, 0x000000008cc00000|  0%| F|  |TAMS 0x000000008cb00000, 0x000000008cb00000| Untracked 
| 204|0x000000008cc00000, 0x000000008cc00000, 0x000000008cd00000|  0%| F|  |TAMS 0x000000008cc00000, 0x000000008cc00000| Untracked 
| 205|0x000000008cd00000, 0x000000008cd00000, 0x000000008ce00000|  0%| F|  |TAMS 0x000000008cd00000, 0x000000008cd00000| Untracked 
| 206|0x000000008ce00000, 0x000000008ce00000, 0x000000008cf00000|  0%| F|  |TAMS 0x000000008ce00000, 0x000000008ce00000| Untracked 
| 207|0x000000008cf00000, 0x000000008cf00000, 0x000000008d000000|  0%| F|  |TAMS 0x000000008cf00000, 0x000000008cf00000| Untracked 
| 208|0x000000008d000000, 0x000000008d000000, 0x000000008d100000|  0%| F|  |TAMS 0x000000008d000000, 0x000000008d000000| Untracked 
| 209|0x000000008d100000, 0x000000008d100000, 0x000000008d200000|  0%| F|  |TAMS 0x000000008d100000, 0x000000008d100000| Untracked 
| 210|0x000000008d200000, 0x000000008d200000, 0x000000008d300000|  0%| F|  |TAMS 0x000000008d200000, 0x000000008d200000| Untracked 
| 211|0x000000008d300000, 0x000000008d300000, 0x000000008d400000|  0%| F|  |TAMS 0x000000008d300000, 0x000000008d300000| Untracked 
| 212|0x000000008d400000, 0x000000008d400000, 0x000000008d500000|  0%| F|  |TAMS 0x000000008d400000, 0x000000008d400000| Untracked 
| 213|0x000000008d500000, 0x000000008d500000, 0x000000008d600000|  0%| F|  |TAMS 0x000000008d500000, 0x000000008d500000| Untracked 
| 214|0x000000008d600000, 0x000000008d600000, 0x000000008d700000|  0%| F|  |TAMS 0x000000008d600000, 0x000000008d600000| Untracked 
| 215|0x000000008d700000, 0x000000008d700000, 0x000000008d800000|  0%| F|  |TAMS 0x000000008d700000, 0x000000008d700000| Untracked 
| 216|0x000000008d800000, 0x000000008d800000, 0x000000008d900000|  0%| F|  |TAMS 0x000000008d800000, 0x000000008d800000| Untracked 
| 217|0x000000008d900000, 0x000000008d900000, 0x000000008da00000|  0%| F|  |TAMS 0x000000008d900000, 0x000000008d900000| Untracked 
| 218|0x000000008da00000, 0x000000008da00000, 0x000000008db00000|  0%| F|  |TAMS 0x000000008da00000, 0x000000008da00000| Untracked 
| 219|0x000000008db00000, 0x000000008db00000, 0x000000008dc00000|  0%| F|  |TAMS 0x000000008db00000, 0x000000008db00000| Untracked 
| 220|0x000000008dc00000, 0x000000008dc00000, 0x000000008dd00000|  0%| F|  |TAMS 0x000000008dc00000, 0x000000008dc00000| Untracked 
| 221|0x000000008dd00000, 0x000000008dd39038, 0x000000008de00000| 22%| E|  |TAMS 0x000000008dd00000, 0x000000008dd00000| Complete 
| 222|0x000000008de00000, 0x000000008df00000, 0x000000008df00000|100%| E|CS|TAMS 0x000000008de00000, 0x000000008de00000| Complete 
| 223|0x000000008df00000, 0x000000008e000000, 0x000000008e000000|100%| E|CS|TAMS 0x000000008df00000, 0x000000008df00000| Complete 
| 224|0x000000008e000000, 0x000000008e100000, 0x000000008e100000|100%| E|CS|TAMS 0x000000008e000000, 0x000000008e000000| Complete 
| 225|0x000000008e100000, 0x000000008e200000, 0x000000008e200000|100%| E|CS|TAMS 0x000000008e100000, 0x000000008e100000| Complete 
| 226|0x000000008e200000, 0x000000008e300000, 0x000000008e300000|100%| E|CS|TAMS 0x000000008e200000, 0x000000008e200000| Complete 
| 227|0x000000008e300000, 0x000000008e400000, 0x000000008e400000|100%| E|CS|TAMS 0x000000008e300000, 0x000000008e300000| Complete 
| 228|0x000000008e400000, 0x000000008e500000, 0x000000008e500000|100%| E|CS|TAMS 0x000000008e400000, 0x000000008e400000| Complete 
| 229|0x000000008e500000, 0x000000008e600000, 0x000000008e600000|100%| E|CS|TAMS 0x000000008e500000, 0x000000008e500000| Complete 
| 230|0x000000008e600000, 0x000000008e700000, 0x000000008e700000|100%| E|CS|TAMS 0x000000008e600000, 0x000000008e600000| Complete 

Card table byte_map: [0x0000017744ea0000,0x00000177452a0000] _byte_map_base: 0x0000017744aa0000

Marking Bits (Prev, Next): (CMBitMap*) 0x000001772c23b800, (CMBitMap*) 0x000001772c23b840
 Prev Bits: [0x00000177456a0000, 0x00000177476a0000)
 Next Bits: [0x00000177476a0000, 0x00000177496a0000)

Polling page: 0x000001772bf90000

Metaspace:

Usage:
  Non-class:     82.12 MB used.
      Class:     13.29 MB used.
       Both:     95.41 MB used.

Virtual space:
  Non-class space:      128.00 MB reserved,      82.56 MB ( 65%) committed,  2 nodes.
      Class space:      416.00 MB reserved,      13.75 MB (  3%) committed,  1 nodes.
             Both:      544.00 MB reserved,      96.31 MB ( 18%) committed. 

Chunk freelists:
   Non-Class:  13.38 MB
       Class:  2.22 MB
        Both:  15.60 MB

MaxMetaspaceSize: 512.00 MB
CompressedClassSpaceSize: 416.00 MB
Initial GC threshold: 21.00 MB
Current GC threshold: 144.69 MB
CDS: on
MetaspaceReclaimPolicy: balanced
 - commit_granule_bytes: 65536.
 - commit_granule_words: 8192.
 - virtual_space_node_default_size: 8388608.
 - enlarge_chunks_in_place: 1.
 - new_chunks_are_fully_committed: 0.
 - uncommit_free_chunks: 1.
 - use_allocation_guard: 0.
 - handle_deallocations: 1.


Internal statistics:

num_allocs_failed_limit: 6.
num_arena_births: 1170.
num_arena_deaths: 0.
num_vsnodes_births: 3.
num_vsnodes_deaths: 0.
num_space_committed: 1541.
num_space_uncommitted: 0.
num_chunks_returned_to_freelist: 6.
num_chunks_taken_from_freelist: 5371.
num_chunk_merges: 6.
num_chunk_splits: 3491.
num_chunks_enlarged: 2279.
num_inconsistent_stats: 0.

CodeHeap 'non-profiled nmethods': size=120000Kb used=7734Kb max_used=8010Kb free=112265Kb
 bounds [0x000001773cf50000, 0x000001773d730000, 0x0000017744480000]
CodeHeap 'profiled nmethods': size=120000Kb used=23278Kb max_used=25542Kb free=96721Kb
 bounds [0x0000017735480000, 0x0000017736d80000, 0x000001773c9b0000]
CodeHeap 'non-nmethods': size=5760Kb used=2390Kb max_used=2472Kb free=3369Kb
 bounds [0x000001773c9b0000, 0x000001773cc40000, 0x000001773cf50000]
 total_blobs=12875 nmethods=11950 adapters=837
 compilation: enabled
              stopped_count=0, restarted_count=0
 full_count=0

Compilation events (20 events):
Event: 103.977 Thread 0x000001774bce1c40 nmethod 14308 0x000001773d589390 code [0x000001773d589560, 0x000001773d589838]
Event: 103.979 Thread 0x000001774bce1c40 14310   !   4       org.gradle.cache.internal.DefaultCacheCoordinator::getFileLock (97 bytes)
Event: 103.988 Thread 0x000001774bce1c40 nmethod 14310 0x000001773d5a5910 code [0x000001773d5a5ac0, 0x000001773d5a60b8]
Event: 103.988 Thread 0x000001774bce1c40 14311       4       java.util.concurrent.locks.AbstractQueuedSynchronizer::enqueue (60 bytes)
Event: 103.993 Thread 0x000001774bce1c40 nmethod 14311 0x000001773d4c9390 code [0x000001773d4c9520, 0x000001773d4c9928]
Event: 103.995 Thread 0x000001774bce1c40 14312       4       com.google.common.cache.LocalCache$Segment::loadSync (19 bytes)
Event: 104.150 Thread 0x000001774bce1c40 nmethod 14312 0x000001773d1a0710 code [0x000001773d1a0ac0, 0x000001773d1a3e38]
Event: 104.150 Thread 0x000001774bce1c40 14315       4       java.util.concurrent.FutureTask::awaitDone (214 bytes)
Event: 104.162 Thread 0x000001774bce1c40 nmethod 14315 0x000001773d36fd90 code [0x000001773d36ff20, 0x000001773d3707e8]
Event: 104.162 Thread 0x000001774bce1c40 14314       4       org.gradle.internal.io.StreamByteBuffer$StreamByteBufferInputStream::read (8 bytes)
Event: 104.163 Thread 0x000001774bce1c40 nmethod 14314 0x000001773d23ad10 code [0x000001773d23aea0, 0x000001773d23af48]
Event: 104.163 Thread 0x000001774bce1c40 14313   !   4       com.google.common.cache.LocalCache$LoadingValueReference::loadFuture (125 bytes)
Event: 104.256 Thread 0x000001774bce1c40 nmethod 14313 0x000001773d410910 code [0x000001773d410c00, 0x000001773d412f70]
Event: 104.256 Thread 0x000001774bce1c40 14317       4       org.gradle.internal.serialize.kryo.KryoBackedDecoder::<init> (26 bytes)
Event: 104.264 Thread 0x000001774bce1c40 nmethod 14317 0x000001773d19fb10 code [0x000001773d19fca0, 0x000001773d1a03f8]
Event: 104.264 Thread 0x000001774bce1c40 14318   !   4       com.google.common.cache.LocalCache$Segment::storeLoadedValue (371 bytes)
Event: 104.413 Thread 0x000001774bce1c40 nmethod 14318 0x000001773d0d5b10 code [0x000001773d0d5ec0, 0x000001773d0d8e50]
Event: 104.413 Thread 0x000001774bce1c40 14319       4       org.gradle.cache.internal.DefaultFileLockManager$DefaultFileLock::assertOpenAndIntegral (41 bytes)
Event: 104.415 Thread 0x000001774bce1c40 nmethod 14319 0x000001773d410490 code [0x000001773d410620, 0x000001773d410758]
Event: 104.415 Thread 0x000001774bce1c40 14320   !   4       org.gradle.cache.internal.DefaultMultiProcessSafeIndexedCache::getIfPresent (25 bytes)

GC Heap History (20 events):
Event: 92.263 GC heap before
{Heap before GC invocations=57 (full 0):
 garbage-first heap   total 186368K, used 152763K [0x0000000080000000, 0x0000000100000000)
  region size 1024K, 31 young (31744K), 2 survivors (2048K)
 Metaspace       used 88664K, committed 89536K, reserved 557056K
  class space    used 12427K, committed 12864K, reserved 425984K
}
Event: 92.275 GC heap after
{Heap after GC invocations=58 (full 0):
 garbage-first heap   total 186368K, used 129677K [0x0000000080000000, 0x0000000100000000)
  region size 1024K, 4 young (4096K), 4 survivors (4096K)
 Metaspace       used 88664K, committed 89536K, reserved 557056K
  class space    used 12427K, committed 12864K, reserved 425984K
}
Event: 92.859 GC heap before
{Heap before GC invocations=58 (full 0):
 garbage-first heap   total 186368K, used 153229K [0x0000000080000000, 0x0000000100000000)
  region size 1024K, 27 young (27648K), 4 survivors (4096K)
 Metaspace       used 89523K, committed 90432K, reserved 557056K
  class space    used 12521K, committed 12928K, reserved 425984K
}
Event: 92.881 GC heap after
{Heap after GC invocations=59 (full 0):
 garbage-first heap   total 186368K, used 133038K [0x0000000080000000, 0x0000000100000000)
  region size 1024K, 4 young (4096K), 4 survivors (4096K)
 Metaspace       used 89523K, committed 90432K, reserved 557056K
  class space    used 12521K, committed 12928K, reserved 425984K
}
Event: 93.323 GC heap before
{Heap before GC invocations=59 (full 0):
 garbage-first heap   total 186368K, used 153518K [0x0000000080000000, 0x0000000100000000)
  region size 1024K, 24 young (24576K), 4 survivors (4096K)
 Metaspace       used 90962K, committed 91776K, reserved 557056K
  class space    used 12736K, committed 13120K, reserved 425984K
}
Event: 93.336 GC heap after
{Heap after GC invocations=60 (full 0):
 garbage-first heap   total 186368K, used 134346K [0x0000000080000000, 0x0000000100000000)
  region size 1024K, 2 young (2048K), 2 survivors (2048K)
 Metaspace       used 90962K, committed 91776K, reserved 557056K
  class space    used 12736K, committed 13120K, reserved 425984K
}
Event: 94.463 GC heap before
{Heap before GC invocations=60 (full 0):
 garbage-first heap   total 186368K, used 154826K [0x0000000080000000, 0x0000000100000000)
  region size 1024K, 23 young (23552K), 2 survivors (2048K)
 Metaspace       used 92742K, committed 93632K, reserved 557056K
  class space    used 13024K, committed 13440K, reserved 425984K
}
Event: 94.470 GC heap after
{Heap after GC invocations=61 (full 0):
 garbage-first heap   total 186368K, used 135034K [0x0000000080000000, 0x0000000100000000)
  region size 1024K, 2 young (2048K), 2 survivors (2048K)
 Metaspace       used 92742K, committed 93632K, reserved 557056K
  class space    used 13024K, committed 13440K, reserved 425984K
}
Event: 95.334 GC heap before
{Heap before GC invocations=61 (full 0):
 garbage-first heap   total 186368K, used 157562K [0x0000000080000000, 0x0000000100000000)
  region size 1024K, 24 young (24576K), 2 survivors (2048K)
 Metaspace       used 93990K, committed 94848K, reserved 557056K
  class space    used 13179K, committed 13632K, reserved 425984K
}
Event: 95.345 GC heap after
{Heap after GC invocations=62 (full 0):
 garbage-first heap   total 186368K, used 137360K [0x0000000080000000, 0x0000000100000000)
  region size 1024K, 3 young (3072K), 3 survivors (3072K)
 Metaspace       used 93990K, committed 94848K, reserved 557056K
  class space    used 13179K, committed 13632K, reserved 425984K
}
Event: 95.834 GC heap before
{Heap before GC invocations=62 (full 0):
 garbage-first heap   total 186368K, used 157840K [0x0000000080000000, 0x0000000100000000)
  region size 1024K, 23 young (23552K), 3 survivors (3072K)
 Metaspace       used 95126K, committed 96064K, reserved 557056K
  class space    used 13326K, committed 13760K, reserved 425984K
}
Event: 95.844 GC heap after
{Heap after GC invocations=63 (full 0):
 garbage-first heap   total 186368K, used 138709K [0x0000000080000000, 0x0000000100000000)
  region size 1024K, 2 young (2048K), 2 survivors (2048K)
 Metaspace       used 95126K, committed 96064K, reserved 557056K
  class space    used 13326K, committed 13760K, reserved 425984K
}
Event: 96.420 GC heap before
{Heap before GC invocations=63 (full 0):
 garbage-first heap   total 186368K, used 158165K [0x0000000080000000, 0x0000000100000000)
  region size 1024K, 21 young (21504K), 2 survivors (2048K)
 Metaspace       used 95874K, committed 96832K, reserved 557056K
  class space    used 13415K, committed 13888K, reserved 425984K
}
Event: 96.432 GC heap after
{Heap after GC invocations=64 (full 0):
 garbage-first heap   total 236544K, used 140865K [0x0000000080000000, 0x0000000100000000)
  region size 1024K, 3 young (3072K), 3 survivors (3072K)
 Metaspace       used 95874K, committed 96832K, reserved 557056K
  class space    used 13415K, committed 13888K, reserved 425984K
}
Event: 99.057 GC heap before
{Heap before GC invocations=64 (full 0):
 garbage-first heap   total 236544K, used 196161K [0x0000000080000000, 0x0000000100000000)
  region size 1024K, 57 young (58368K), 3 survivors (3072K)
 Metaspace       used 96752K, committed 97664K, reserved 557056K
  class space    used 13499K, committed 13952K, reserved 425984K
}
Event: 99.080 GC heap after
{Heap after GC invocations=65 (full 0):
 garbage-first heap   total 236544K, used 146880K [0x0000000080000000, 0x0000000100000000)
  region size 1024K, 8 young (8192K), 8 survivors (8192K)
 Metaspace       used 96752K, committed 97664K, reserved 557056K
  class space    used 13499K, committed 13952K, reserved 425984K
}
Event: 101.895 GC heap before
{Heap before GC invocations=65 (full 0):
 garbage-first heap   total 236544K, used 196032K [0x0000000080000000, 0x0000000100000000)
  region size 1024K, 57 young (58368K), 8 survivors (8192K)
 Metaspace       used 97557K, committed 98496K, reserved 557056K
  class space    used 13591K, committed 14080K, reserved 425984K
}
Event: 101.921 GC heap after
{Heap after GC invocations=66 (full 0):
 garbage-first heap   total 236544K, used 149641K [0x0000000080000000, 0x0000000100000000)
  region size 1024K, 3 young (3072K), 3 survivors (3072K)
 Metaspace       used 97557K, committed 98496K, reserved 557056K
  class space    used 13591K, committed 14080K, reserved 425984K
}
Event: 104.295 GC heap before
{Heap before GC invocations=66 (full 0):
 garbage-first heap   total 236544K, used 197769K [0x0000000080000000, 0x0000000100000000)
  region size 1024K, 51 young (52224K), 3 survivors (3072K)
 Metaspace       used 97695K, committed 98624K, reserved 557056K
  class space    used 13612K, committed 14080K, reserved 425984K
}
Event: 104.307 GC heap after
{Heap after GC invocations=67 (full 0):
 garbage-first heap   total 236544K, used 153723K [0x0000000080000000, 0x0000000100000000)
  region size 1024K, 7 young (7168K), 7 survivors (7168K)
 Metaspace       used 97695K, committed 98624K, reserved 557056K
  class space    used 13612K, committed 14080K, reserved 425984K
}

Dll operation events (14 events):
Event: 0.033 Loaded shared library C:\Program Files\Microsoft\jdk-17.0.8.7-hotspot\bin\java.dll
Event: 0.089 Loaded shared library C:\Program Files\Microsoft\jdk-17.0.8.7-hotspot\bin\jsvml.dll
Event: 0.248 Loaded shared library C:\Program Files\Microsoft\jdk-17.0.8.7-hotspot\bin\zip.dll
Event: 0.256 Loaded shared library C:\Program Files\Microsoft\jdk-17.0.8.7-hotspot\bin\instrument.dll
Event: 0.264 Loaded shared library C:\Program Files\Microsoft\jdk-17.0.8.7-hotspot\bin\net.dll
Event: 0.266 Loaded shared library C:\Program Files\Microsoft\jdk-17.0.8.7-hotspot\bin\nio.dll
Event: 0.274 Loaded shared library C:\Program Files\Microsoft\jdk-17.0.8.7-hotspot\bin\zip.dll
Event: 0.942 Loaded shared library C:\Program Files\Microsoft\jdk-17.0.8.7-hotspot\bin\jimage.dll
Event: 1.549 Loaded shared library C:\Program Files\Microsoft\jdk-17.0.8.7-hotspot\bin\verify.dll
Event: 2.238 Loaded shared library C:\Users\admin\.gradle\native\68d5fa5c4cc2d200863cafc0d521ce42e7d3e7ee720ec0a83991735586a16f82\windows-amd64\native-platform.dll
Event: 2.322 Loaded shared library C:\Users\admin\.gradle\native\e376f236ea51e6404a007f0833ffe2c6e607c4080706a723a18a27aeea778392\windows-amd64\native-platform-file-events.dll
Event: 6.466 Loaded shared library C:\Program Files\Microsoft\jdk-17.0.8.7-hotspot\bin\management.dll
Event: 6.471 Loaded shared library C:\Program Files\Microsoft\jdk-17.0.8.7-hotspot\bin\management_ext.dll
Event: 8.205 Loaded shared library C:\Program Files\Microsoft\jdk-17.0.8.7-hotspot\bin\sunmscapi.dll

Deoptimization events (20 events):
Event: 102.080 Thread 0x000001776cc83160 Uncommon trap: trap_request=0xffffffc6 fr.pc=0x000001773d6ccac8 relative=0x00000000000000a8
Event: 102.080 Thread 0x000001776cc83160 Uncommon trap: reason=bimorphic_or_optimized_type_check action=maybe_recompile pc=0x000001773d6ccac8 method=org.gradle.execution.plan.ActionNode.hasPendingPreExecutionNodes()Z @ 11 c2
Event: 102.080 Thread 0x000001776cc83160 DEOPT PACKING pc=0x000001773d6ccac8 sp=0x00000031135fea90
Event: 102.080 Thread 0x000001776cc83160 DEOPT UNPACKING pc=0x000001773ca069a3 sp=0x00000031135fea18 mode 2
Event: 102.091 Thread 0x000001776cc845a0 Uncommon trap: trap_request=0xffffffc6 fr.pc=0x000001773d6ccac8 relative=0x00000000000000a8
Event: 102.091 Thread 0x000001776cc845a0 Uncommon trap: reason=bimorphic_or_optimized_type_check action=maybe_recompile pc=0x000001773d6ccac8 method=org.gradle.execution.plan.ActionNode.hasPendingPreExecutionNodes()Z @ 11 c2
Event: 102.091 Thread 0x000001776cc845a0 DEOPT PACKING pc=0x000001773d6ccac8 sp=0x00000031136fed50
Event: 102.091 Thread 0x000001776cc845a0 DEOPT UNPACKING pc=0x000001773ca069a3 sp=0x00000031136fecd8 mode 2
Event: 102.207 Thread 0x000001776da911f0 Uncommon trap: trap_request=0xffffff45 fr.pc=0x000001773d18744c relative=0x000000000000010c
Event: 102.207 Thread 0x000001776da911f0 Uncommon trap: reason=unstable_if action=reinterpret pc=0x000001773d18744c method=java.util.concurrent.ConcurrentHashMap.addCount(JI)V @ 110 c2
Event: 102.207 Thread 0x000001776da911f0 DEOPT PACKING pc=0x000001773d18744c sp=0x00000031124fd370
Event: 102.207 Thread 0x000001776da911f0 DEOPT UNPACKING pc=0x000001773ca069a3 sp=0x00000031124fd2a8 mode 2
Event: 102.215 Thread 0x000001776cc845a0 Uncommon trap: trap_request=0xffffffd6 fr.pc=0x000001773d60e9c8 relative=0x0000000000000788
Event: 102.216 Thread 0x000001776cc845a0 Uncommon trap: reason=array_check action=maybe_recompile pc=0x000001773d60e9c8 method=java.util.TimSort.binarySort([Ljava/lang/Object;IIILjava/util/Comparator;)V @ 215 c2
Event: 102.218 Thread 0x000001776cc845a0 DEOPT PACKING pc=0x000001773d60e9c8 sp=0x00000031136fa9e0
Event: 102.219 Thread 0x000001776cc845a0 DEOPT UNPACKING pc=0x000001773ca069a3 sp=0x00000031136fa978 mode 2
Event: 102.219 Thread 0x000001776cc845a0 Uncommon trap: trap_request=0xffffffd6 fr.pc=0x000001773d60e9c8 relative=0x0000000000000788
Event: 102.219 Thread 0x000001776cc845a0 Uncommon trap: reason=array_check action=maybe_recompile pc=0x000001773d60e9c8 method=java.util.TimSort.binarySort([Ljava/lang/Object;IIILjava/util/Comparator;)V @ 215 c2
Event: 102.219 Thread 0x000001776cc845a0 DEOPT PACKING pc=0x000001773d60e9c8 sp=0x00000031136fa6c0
Event: 102.219 Thread 0x000001776cc845a0 DEOPT UNPACKING pc=0x000001773ca069a3 sp=0x00000031136fa658 mode 2

Classes unloaded (0 events):
No events

Classes redefined (0 events):
No events

Internal exceptions (20 events):
Event: 95.345 Thread 0x000001774bcc42d0 Implicit null exception at 0x000001773d589100 to 0x000001773d589738
Event: 95.426 Thread 0x000001776ced2310 Implicit null exception at 0x000001773d600c10 to 0x000001773d600ce4
Event: 95.433 Thread 0x000001776ced2310 Implicit null exception at 0x000001773d601056 to 0x000001773d601a4c
Event: 95.443 Thread 0x000001776ced2310 Implicit null exception at 0x000001773d602912 to 0x000001773d6029f6
Event: 96.396 Thread 0x000001776ced2310 Implicit null exception at 0x000001773d62a74b to 0x000001773d62a80f
Event: 96.542 Thread 0x000001776ced2310 Exception <a 'java/lang/IncompatibleClassChangeError'{0x000000008e3905e0}: Found class java.lang.Object, but interface was expected> (0x000000008e3905e0) 
thrown [s\src\hotspot\share\interpreter\linkResolver.cpp, line 826]
Event: 96.805 Thread 0x000001776ced2310 Exception <a 'sun/nio/fs/WindowsException'{0x000000008da08df0}> (0x000000008da08df0) 
thrown [s\src\hotspot\share\prims\jni.cpp, line 516]
Event: 96.806 Thread 0x000001776ced2310 Exception <a 'sun/nio/fs/WindowsException'{0x000000008da0a430}> (0x000000008da0a430) 
thrown [s\src\hotspot\share\prims\jni.cpp, line 516]
Event: 96.806 Thread 0x000001776ced2310 Exception <a 'sun/nio/fs/WindowsException'{0x000000008da0bac0}> (0x000000008da0bac0) 
thrown [s\src\hotspot\share\prims\jni.cpp, line 516]
Event: 96.806 Thread 0x000001776ced2310 Exception <a 'sun/nio/fs/WindowsException'{0x000000008da0d150}> (0x000000008da0d150) 
thrown [s\src\hotspot\share\prims\jni.cpp, line 516]
Event: 99.146 Thread 0x000001776cc83670 Exception <a 'java/lang/NoSuchMethodError'{0x000000008e51b498}: 'void java.lang.invoke.DirectMethodHandle$Holder.invokeStatic(java.lang.Object, java.lang.Object, java.lang.Object, java.lang.Object, int, java.lang.Object, java.lang.Object)'> (0x000000008e51b498) 
thrown [s\src\hotspot\share\interpreter\linkResolver.cpp, line 759]
Event: 99.191 Thread 0x0000017771be3dd0 Exception <a 'java/lang/NoSuchMethodError'{0x000000008e4c55f0}: 'java.lang.Object java.lang.invoke.DirectMethodHandle$Holder.invokeSpecialIFC(java.lang.Object, java.lang.Object, java.lang.Object)'> (0x000000008e4c55f0) 
thrown [s\src\hotspot\share\interpreter\linkResolver.cpp, line 759]
Event: 100.057 Thread 0x0000017771be42e0 Exception <a 'java/lang/NoSuchMethodError'{0x000000008da92990}: 'void java.lang.invoke.DirectMethodHandle$Holder.invokeVirtual(java.lang.Object, java.lang.Object)'> (0x000000008da92990) 
thrown [s\src\hotspot\share\interpreter\linkResolver.cpp, line 759]
Event: 101.777 Thread 0x000001776cc83160 Exception <a 'java/lang/ClassNotFoundException'{0x000000008b66bec8}: groovy/util/FileTreeBuilderBeanInfo> (0x000000008b66bec8) 
thrown [s\src\hotspot\share\classfile\systemDictionary.cpp, line 256]
Event: 101.783 Thread 0x000001776cc83160 Exception <a 'java/lang/ClassNotFoundException'{0x000000008b6d4868}: groovy/util/FileTreeBuilderCustomizer> (0x000000008b6d4868) 
thrown [s\src\hotspot\share\classfile\systemDictionary.cpp, line 256]
Event: 101.932 Thread 0x000001776cc83160 Exception <a 'java/lang/ClassNotFoundException'{0x000000008e61f1c8}: java/io/BufferedWriterBeanInfo> (0x000000008e61f1c8) 
thrown [s\src\hotspot\share\classfile\systemDictionary.cpp, line 256]
Event: 101.932 Thread 0x000001776cc83160 Exception <a 'java/lang/ClassNotFoundException'{0x000000008e624620}: java/io/WriterBeanInfo> (0x000000008e624620) 
thrown [s\src\hotspot\share\classfile\systemDictionary.cpp, line 256]
Event: 101.932 Thread 0x000001776cc83160 Exception <a 'java/lang/ClassNotFoundException'{0x000000008e629a98}: java/io/WriterCustomizer> (0x000000008e629a98) 
thrown [s\src\hotspot\share\classfile\systemDictionary.cpp, line 256]
Event: 101.933 Thread 0x000001776cc83160 Exception <a 'java/lang/ClassNotFoundException'{0x000000008e637e18}: java/io/BufferedWriterCustomizer> (0x000000008e637e18) 
thrown [s\src\hotspot\share\classfile\systemDictionary.cpp, line 256]
Event: 102.031 Thread 0x000001776cc83160 Exception <a 'java/lang/NoSuchMethodError'{0x000000008e50d058}: static Lcom/android/build/api/variant/BuildConfigField;.<clinit>()V> (0x000000008e50d058) 
thrown [s\src\hotspot\share\prims\jni.cpp, line 1107]

VM Operations (20 events):
Event: 101.820 Executing VM operation: HandshakeAllThreads
Event: 101.834 Executing VM operation: HandshakeAllThreads done
Event: 101.836 Executing VM operation: HandshakeAllThreads
Event: 101.836 Executing VM operation: HandshakeAllThreads done
Event: 101.841 Executing VM operation: HandshakeAllThreads
Event: 101.841 Executing VM operation: HandshakeAllThreads done
Event: 101.855 Executing VM operation: ICBufferFull
Event: 101.855 Executing VM operation: ICBufferFull done
Event: 101.895 Executing VM operation: G1CollectForAllocation
Event: 101.926 Executing VM operation: G1CollectForAllocation done
Event: 101.990 Executing VM operation: HandshakeAllThreads
Event: 101.990 Executing VM operation: HandshakeAllThreads done
Event: 102.018 Executing VM operation: HandshakeAllThreads
Event: 102.019 Executing VM operation: HandshakeAllThreads done
Event: 103.023 Executing VM operation: Cleanup
Event: 103.026 Executing VM operation: Cleanup done
Event: 104.034 Executing VM operation: Cleanup
Event: 104.034 Executing VM operation: Cleanup done
Event: 104.295 Executing VM operation: G1CollectForAllocation
Event: 104.307 Executing VM operation: G1CollectForAllocation done

Events (20 events):
Event: 102.040 Thread 0x000001776b014610 flushing nmethod 0x0000017736c11d10
Event: 102.040 Thread 0x000001776b014610 flushing nmethod 0x0000017736c12990
Event: 102.040 Thread 0x000001776b014610 flushing nmethod 0x0000017736c13c10
Event: 102.040 Thread 0x000001776b014610 flushing nmethod 0x0000017736c15e10
Event: 102.040 Thread 0x000001776b014610 flushing nmethod 0x0000017736c1de90
Event: 102.040 Thread 0x000001776b014610 flushing nmethod 0x0000017736c27a10
Event: 102.040 Thread 0x000001776b014610 flushing nmethod 0x0000017736c2f410
Event: 102.040 Thread 0x000001776b014610 flushing nmethod 0x0000017736c4a990
Event: 102.040 Thread 0x000001776b014610 flushing nmethod 0x0000017736c61810
Event: 102.040 Thread 0x000001776b014610 flushing nmethod 0x0000017736c64410
Event: 102.040 Thread 0x000001776b014610 flushing nmethod 0x0000017736c65e10
Event: 102.040 Thread 0x000001776b014610 flushing nmethod 0x0000017736cc5990
Event: 102.040 Thread 0x000001776b014610 flushing nmethod 0x0000017736cc6c90
Event: 102.040 Thread 0x000001776b014610 flushing nmethod 0x0000017736cef790
Event: 102.040 Thread 0x000001776b014610 flushing nmethod 0x0000017736cf0f90
Event: 102.040 Thread 0x000001776b014610 flushing nmethod 0x0000017736cf1390
Event: 102.040 Thread 0x000001776b014610 flushing nmethod 0x0000017736cf9c90
Event: 102.040 Thread 0x000001776b014610 flushing nmethod 0x0000017736cfb510
Event: 102.040 Thread 0x000001776b014610 flushing nmethod 0x0000017736cff610
Event: 102.040 Thread 0x000001776b014610 flushing nmethod 0x0000017736d0aa10


Dynamic libraries:
0x00007ff6c0f70000 - 0x00007ff6c0f7e000 	C:\Program Files\Microsoft\jdk-17.0.8.7-hotspot\bin\java.exe
0x00007ffed2c90000 - 0x00007ffed2ea6000 	C:\WINDOWS\SYSTEM32\ntdll.dll
0x00007ffed18f0000 - 0x00007ffed19b4000 	C:\WINDOWS\System32\KERNEL32.DLL
0x00007ffed0090000 - 0x00007ffed0436000 	C:\WINDOWS\System32\KERNELBASE.dll
0x00007ffed0440000 - 0x00007ffed0551000 	C:\WINDOWS\System32\ucrtbase.dll
0x00007ffeca950000 - 0x00007ffeca967000 	C:\Program Files\Microsoft\jdk-17.0.8.7-hotspot\bin\jli.dll
0x00007ffed1ac0000 - 0x00007ffed1c6d000 	C:\WINDOWS\System32\USER32.dll
0x00007ffed0720000 - 0x00007ffed0746000 	C:\WINDOWS\System32\win32u.dll
0x00007ffed2c20000 - 0x00007ffed2c49000 	C:\WINDOWS\System32\GDI32.dll
0x00007ffed0750000 - 0x00007ffed0868000 	C:\WINDOWS\System32\gdi32full.dll
0x00007ffed0650000 - 0x00007ffed06ea000 	C:\WINDOWS\System32\msvcp_win.dll
0x00007ffec79b0000 - 0x00007ffec79cb000 	C:\Program Files\Microsoft\jdk-17.0.8.7-hotspot\bin\VCRUNTIME140.dll
0x00007ffeb4860000 - 0x00007ffeb4af3000 	C:\WINDOWS\WinSxS\amd64_microsoft.windows.common-controls_6595b64144ccf1df_6.0.22621.3235_none_270f74e173860f98\COMCTL32.dll
0x00007ffed1da0000 - 0x00007ffed1e47000 	C:\WINDOWS\System32\msvcrt.dll
0x00007ffed2210000 - 0x00007ffed2241000 	C:\WINDOWS\System32\IMM32.DLL
0x00007ffeca5b0000 - 0x00007ffeca5bc000 	C:\Program Files\Microsoft\jdk-17.0.8.7-hotspot\bin\vcruntime140_1.dll
0x00007ffe47f60000 - 0x00007ffe47fed000 	C:\Program Files\Microsoft\jdk-17.0.8.7-hotspot\bin\msvcp140.dll
0x00007ffe3daa0000 - 0x00007ffe3e705000 	C:\Program Files\Microsoft\jdk-17.0.8.7-hotspot\bin\server\jvm.dll
0x00007ffed1350000 - 0x00007ffed1402000 	C:\WINDOWS\System32\ADVAPI32.dll
0x00007ffed12a0000 - 0x00007ffed1348000 	C:\WINDOWS\System32\sechost.dll
0x00007ffed06f0000 - 0x00007ffed0718000 	C:\WINDOWS\System32\bcrypt.dll
0x00007ffed1120000 - 0x00007ffed1235000 	C:\WINDOWS\System32\RPCRT4.dll
0x00007ffecfea0000 - 0x00007ffecfeed000 	C:\WINDOWS\SYSTEM32\POWRPROF.dll
0x00007ffec7530000 - 0x00007ffec7539000 	C:\WINDOWS\SYSTEM32\WSOCK32.dll
0x00007ffed0d10000 - 0x00007ffed0d81000 	C:\WINDOWS\System32\WS2_32.dll
0x00007ffeca1e0000 - 0x00007ffeca214000 	C:\WINDOWS\SYSTEM32\WINMM.dll
0x00007ffec9f80000 - 0x00007ffec9f8a000 	C:\WINDOWS\SYSTEM32\VERSION.dll
0x00007ffecfcd0000 - 0x00007ffecfce3000 	C:\WINDOWS\SYSTEM32\UMPDC.dll
0x00007ffecefd0000 - 0x00007ffecefe8000 	C:\WINDOWS\SYSTEM32\kernel.appcore.dll
0x00007ffead4c0000 - 0x00007ffead4ca000 	C:\Program Files\Microsoft\jdk-17.0.8.7-hotspot\bin\jimage.dll
0x00007ffecd8e0000 - 0x00007ffecdb13000 	C:\WINDOWS\SYSTEM32\DBGHELP.DLL
0x00007ffed0d90000 - 0x00007ffed1118000 	C:\WINDOWS\System32\combase.dll
0x00007ffed19d0000 - 0x00007ffed1aa7000 	C:\WINDOWS\System32\OLEAUT32.dll
0x00007ffec8370000 - 0x00007ffec83a2000 	C:\WINDOWS\SYSTEM32\dbgcore.DLL
0x00007ffed0560000 - 0x00007ffed05da000 	C:\WINDOWS\System32\bcryptPrimitives.dll
0x00007ffeaabb0000 - 0x00007ffeaabbe000 	C:\Program Files\Microsoft\jdk-17.0.8.7-hotspot\bin\instrument.dll
0x00007ffe96490000 - 0x00007ffe964b5000 	C:\Program Files\Microsoft\jdk-17.0.8.7-hotspot\bin\java.dll
0x00007ffe47e80000 - 0x00007ffe47f57000 	C:\Program Files\Microsoft\jdk-17.0.8.7-hotspot\bin\jsvml.dll
0x00007ffed2360000 - 0x00007ffed2bbc000 	C:\WINDOWS\System32\SHELL32.dll
0x00007ffecdee0000 - 0x00007ffece7d8000 	C:\WINDOWS\SYSTEM32\windows.storage.dll
0x00007ffecdda0000 - 0x00007ffecdede000 	C:\WINDOWS\SYSTEM32\wintypes.dll
0x00007ffed0a50000 - 0x00007ffed0b43000 	C:\WINDOWS\System32\SHCORE.dll
0x00007ffed1240000 - 0x00007ffed129e000 	C:\WINDOWS\System32\shlwapi.dll
0x00007ffecff00000 - 0x00007ffecff26000 	C:\WINDOWS\SYSTEM32\profapi.dll
0x00007ffe6c170000 - 0x00007ffe6c188000 	C:\Program Files\Microsoft\jdk-17.0.8.7-hotspot\bin\zip.dll
0x00007ffe96470000 - 0x00007ffe96489000 	C:\Program Files\Microsoft\jdk-17.0.8.7-hotspot\bin\net.dll
0x00007ffeca670000 - 0x00007ffeca7a7000 	C:\WINDOWS\SYSTEM32\WINHTTP.dll
0x00007ffecf440000 - 0x00007ffecf4a9000 	C:\WINDOWS\system32\mswsock.dll
0x00007ffe72e50000 - 0x00007ffe72e66000 	C:\Program Files\Microsoft\jdk-17.0.8.7-hotspot\bin\nio.dll
0x00007ffeace70000 - 0x00007ffeace80000 	C:\Program Files\Microsoft\jdk-17.0.8.7-hotspot\bin\verify.dll
0x00007ffe65ef0000 - 0x00007ffe65f17000 	C:\Users\admin\.gradle\native\68d5fa5c4cc2d200863cafc0d521ce42e7d3e7ee720ec0a83991735586a16f82\windows-amd64\native-platform.dll
0x00007ffe47d30000 - 0x00007ffe47e74000 	C:\Users\admin\.gradle\native\e376f236ea51e6404a007f0833ffe2c6e607c4080706a723a18a27aeea778392\windows-amd64\native-platform-file-events.dll
0x00007ffeac7e0000 - 0x00007ffeac7e9000 	C:\Program Files\Microsoft\jdk-17.0.8.7-hotspot\bin\management.dll
0x00007ffeab230000 - 0x00007ffeab23b000 	C:\Program Files\Microsoft\jdk-17.0.8.7-hotspot\bin\management_ext.dll
0x00007ffed1ab0000 - 0x00007ffed1ab8000 	C:\WINDOWS\System32\PSAPI.DLL
0x00007ffecf790000 - 0x00007ffecf7ab000 	C:\WINDOWS\SYSTEM32\CRYPTSP.dll
0x00007ffecef30000 - 0x00007ffecef65000 	C:\WINDOWS\system32\rsaenh.dll
0x00007ffecf4e0000 - 0x00007ffecf50c000 	C:\WINDOWS\SYSTEM32\USERENV.dll
0x00007ffecf770000 - 0x00007ffecf77c000 	C:\WINDOWS\SYSTEM32\CRYPTBASE.dll
0x00007ffecea40000 - 0x00007ffecea6d000 	C:\WINDOWS\SYSTEM32\IPHLPAPI.DLL
0x00007ffed19c0000 - 0x00007ffed19c9000 	C:\WINDOWS\System32\NSI.dll
0x00007ffeca440000 - 0x00007ffeca459000 	C:\WINDOWS\SYSTEM32\dhcpcsvc6.DLL
0x00007ffeca410000 - 0x00007ffeca42f000 	C:\WINDOWS\SYSTEM32\dhcpcsvc.DLL
0x00007ffeceab0000 - 0x00007ffeceba9000 	C:\WINDOWS\SYSTEM32\DNSAPI.dll
0x00007ffea9840000 - 0x00007ffea984e000 	C:\Program Files\Microsoft\jdk-17.0.8.7-hotspot\bin\sunmscapi.dll
0x00007ffed0870000 - 0x00007ffed09d6000 	C:\WINDOWS\System32\CRYPT32.dll
0x00007ffecf8a0000 - 0x00007ffecf8ce000 	C:\WINDOWS\SYSTEM32\ncrypt.dll
0x00007ffecf860000 - 0x00007ffecf897000 	C:\WINDOWS\SYSTEM32\NTASN1.dll
0x00007ffeaf8d0000 - 0x00007ffeaf8d8000 	C:\WINDOWS\system32\wshunix.dll
0x00007ffec3880000 - 0x00007ffec3897000 	C:\WINDOWS\system32\napinsp.dll
0x00007ffec4590000 - 0x00007ffec45ab000 	C:\WINDOWS\system32\pnrpnsp.dll
0x00007ffec3a00000 - 0x00007ffec3a11000 	C:\WINDOWS\System32\winrnr.dll
0x00007ffe9e250000 - 0x00007ffe9e265000 	C:\WINDOWS\system32\wshbth.dll
0x00007ffead490000 - 0x00007ffead4b1000 	C:\WINDOWS\system32\nlansp_c.dll
0x00007ffec6cd0000 - 0x00007ffec6cda000 	C:\Windows\System32\rasadhlp.dll
0x00007ffec99d0000 - 0x00007ffec9a53000 	C:\WINDOWS\System32\fwpuclnt.dll

dbghelp: loaded successfully - version: 4.0.5 - missing functions: none
symbol engine: initialized successfully - sym options: 0x614 - pdb path: .;C:\Program Files\Microsoft\jdk-17.0.8.7-hotspot\bin;C:\WINDOWS\SYSTEM32;C:\WINDOWS\WinSxS\amd64_microsoft.windows.common-controls_6595b64144ccf1df_6.0.22621.3235_none_270f74e173860f98;C:\Program Files\Microsoft\jdk-17.0.8.7-hotspot\bin\server;C:\Users\admin\.gradle\native\68d5fa5c4cc2d200863cafc0d521ce42e7d3e7ee720ec0a83991735586a16f82\windows-amd64;C:\Users\admin\.gradle\native\e376f236ea51e6404a007f0833ffe2c6e607c4080706a723a18a27aeea778392\windows-amd64

VM Arguments:
jvm_args: -XX:MaxMetaspaceSize=512m --add-opens=java.base/java.util=ALL-UNNAMED --add-opens=java.base/java.lang=ALL-UNNAMED --add-opens=java.base/java.lang.invoke=ALL-UNNAMED --add-opens=java.prefs/java.util.prefs=ALL-UNNAMED --add-opens=java.base/java.nio.charset=ALL-UNNAMED --add-opens=java.base/java.net=ALL-UNNAMED --add-opens=java.base/java.util.concurrent.atomic=ALL-UNNAMED -Xmx2048m -Dfile.encoding=windows-1252 -Duser.country=US -Duser.language=en -Duser.variant -javaagent:C:\Users\admin\.gradle\wrapper\dists\gradle-8.3-all\6en3ugtfdg5xnpx44z4qbwgas\gradle-8.3\lib\agents\gradle-instrumentation-agent-8.3.jar 
java_command: org.gradle.launcher.daemon.bootstrap.GradleDaemon 8.3
java_class_path (initial): C:\Users\admin\.gradle\wrapper\dists\gradle-8.3-all\6en3ugtfdg5xnpx44z4qbwgas\gradle-8.3\lib\gradle-launcher-8.3.jar
Launcher Type: SUN_STANDARD

[Global flags]
     intx CICompilerCount                          = 3                                         {product} {ergonomic}
   size_t CompressedClassSpaceSize                 = 436207616                                 {product} {ergonomic}
     uint ConcGCThreads                            = 1                                         {product} {ergonomic}
     uint G1ConcRefinementThreads                  = 4                                         {product} {ergonomic}
   size_t G1HeapRegionSize                         = 1048576                                   {product} {ergonomic}
    uintx GCDrainStackTargetSize                   = 64                                        {product} {ergonomic}
   size_t InitialHeapSize                          = 132120576                                 {product} {ergonomic}
   size_t MarkStackSize                            = 4194304                                   {product} {ergonomic}
   size_t MaxHeapSize                              = 2147483648                                {product} {command line}
   size_t MaxMetaspaceSize                         = 536870912                                 {product} {command line}
   size_t MaxNewSize                               = 1287651328                                {product} {ergonomic}
   size_t MinHeapDeltaBytes                        = 1048576                                   {product} {ergonomic}
   size_t MinHeapSize                              = 8388608                                   {product} {ergonomic}
    uintx NonNMethodCodeHeapSize                   = 5832780                                {pd product} {ergonomic}
    uintx NonProfiledCodeHeapSize                  = 122912730                              {pd product} {ergonomic}
    uintx ProfiledCodeHeapSize                     = 122912730                              {pd product} {ergonomic}
    uintx ReservedCodeCacheSize                    = 251658240                              {pd product} {ergonomic}
     bool SegmentedCodeCache                       = true                                      {product} {ergonomic}
   size_t SoftMaxHeapSize                          = 2147483648                             {manageable} {ergonomic}
     bool UseCompressedClassPointers               = true                           {product lp64_product} {ergonomic}
     bool UseCompressedOops                        = true                           {product lp64_product} {ergonomic}
     bool UseG1GC                                  = true                                      {product} {ergonomic}
     bool UseLargePagesIndividualAllocation        = false                                  {pd product} {ergonomic}

Logging:
Log output configuration:
 #0: stdout all=warning uptime,level,tags
 #1: stderr all=off uptime,level,tags

Environment Variables:
JAVA_HOME=C:\Program Files\Microsoft\jdk-17.0.8.7-hotspot\
CLASSPATH=G:\MyReactNative\EducationApp\android\\gradle\wrapper\gradle-wrapper.jar
PATH=G:\MyReactNative\EducationApp\node_modules\.bin;G:\MyReactNative\EducationApp\node_modules\.bin;G:\MyReactNative\node_modules\.bin;G:\node_modules\.bin;C:\Users\admin\AppData\Roaming\npm\node_modules\npm\node_modules\@npmcli\run-script\lib\node-gyp-bin;G:\MyReactNative\EducationApp\node_modules\.bin;G:\MyReactNative\node_modules\.bin;G:\node_modules\.bin;C:\Users\admin\AppData\Roaming\npm\node_modules\npm\node_modules\@npmcli\run-script\lib\node-gyp-bin;C:\Program Files\Microsoft\jdk-17.0.8.7-hotspot\bin;C:\ProgramData\chocolatey\bin;C:\ProgramData\chocolatey\bin\bin;C:\Program Files\nodejs;C:\Users\admin\AppData\Local\Android\Sdk\platform-tools;C:\Program Files\Git\cmd;C:\Users\admin\AppData\Roaming\cabal\bin;C:\tools\ghc-9.8.1\bin;C:\Program Files\nodejs;;C:\Users\admin\AppData\Local\Programs\Microsoft VS Code\bin
USERNAME=admin
LANG=en_US.UTF-8
OS=Windows_NT
PROCESSOR_IDENTIFIER=Intel64 Family 6 Model 142 Stepping 12, GenuineIntel
TMP=C:\Users\admin\AppData\Local\Temp
TEMP=C:\Users\admin\AppData\Local\Temp



---------------  S Y S T E M  ---------------

OS:
 Windows 11 , 64 bit Build 22621 (10.0.22621.3235)
OS uptime: 2 days 17:59 hours
Hyper-V role detected

CPU: total 4 (initial active 4) (2 cores per cpu, 2 threads per core) family 6 model 142 stepping 12 microcode 0xf0, cx8, cmov, fxsr, ht, mmx, 3dnowpref, sse, sse2, sse3, ssse3, sse4.1, sse4.2, popcnt, lzcnt, tsc, tscinvbit, avx, avx2, aes, erms, clmul, bmi1, bmi2, adx, fma, vzeroupper, clflush, clflushopt, hv
Processor Information for processor 0
  Max Mhz: 2592, Current Mhz: 1495, Mhz Limit: 2073
Processor Information for processor 1
  Max Mhz: 2592, Current Mhz: 2093, Mhz Limit: 2073
Processor Information for processor 2
  Max Mhz: 2592, Current Mhz: 2093, Mhz Limit: 2073
Processor Information for processor 3
  Max Mhz: 2592, Current Mhz: 2093, Mhz Limit: 2073

Memory: 4k page, system-wide physical 8026M (237M free)
TotalPageFile size 19875M (AvailPageFile size 9043M)
current process WorkingSet (physical memory assigned to process): 494M, peak: 500M
current process commit charge ("private bytes"): 546M, peak: 551M

vm_info: OpenJDK 64-Bit Server VM (17.0.8+7-LTS) for windows-amd64 JRE (17.0.8+7-LTS), built on Jul  7 2023 17:21:55 by "MicrosoftCorporation" with MS VC++ 16.10 / 16.11 (VS2019)

END.
